0 verbose cli /usr/local/bin/node /usr/local/bin/npm
1 info using npm@10.5.0
2 info using node@v21.7.3
3 timing npm:load:whichnode Completed in 1ms
4 timing config:load:defaults Completed in 2ms
5 timing config:load:file:/usr/local/lib/node_modules/npm/npmrc Completed in 1ms
6 timing config:load:builtin Completed in 1ms
7 timing config:load:cli Completed in 3ms
8 timing config:load:env Completed in 0ms
9 timing config:load:project Completed in 1ms
10 timing config:load:file:/home/user/.npmrc Completed in 1ms
11 timing config:load:user Completed in 1ms
12 timing config:load:file:/usr/local/etc/npmrc Completed in 1ms
13 timing config:load:global Completed in 1ms
14 timing config:load:setEnvs Completed in 2ms
15 timing config:load Completed in 12ms
16 timing npm:load:configload Completed in 12ms
17 timing config:load:flatten Completed in 3ms
18 timing npm:load:mkdirpcache Completed in 1ms
19 timing npm:load:mkdirplogs Completed in 0ms
20 verbose title npm install stripe
21 verbose argv "install" "stripe"
22 timing npm:load:setTitle Completed in 1ms
23 timing npm:load:display Completed in 1ms
24 verbose logfile logs-max:10 dir:/home/user/.npm/_logs/2025-08-20T09_44_07_104Z-
25 verbose logfile /home/user/.npm/_logs/2025-08-20T09_44_07_104Z-debug-0.log
26 timing npm:load:logFile Completed in 10ms
27 timing npm:load:timers Completed in 0ms
28 timing npm:load:configScope Completed in 0ms
29 timing npm:load Completed in 54ms
30 timing arborist:ctor Completed in 1ms
31 silly logfile done cleaning log files
32 timing idealTree:init Completed in 311ms
33 timing idealTree:userRequests Completed in 2ms
34 silly idealTree buildDeps
35 silly fetch manifest stripe@*
36 timing arborist:ctor Completed in 1ms
37 http fetch GET 200 https://registry.npmjs.org/stripe 359ms (cache miss)
38 silly fetch manifest @types/node@^20
39 http fetch GET 200 https://registry.npmjs.org/@types%2fnode 342ms (cache miss)
40 silly placeDep ROOT stripe@18.4.0 OK for: next_js@0.1.0 want: *
41 silly fetch manifest qs@^6.11.0
42 http fetch GET 200 https://registry.npmjs.org/qs 53ms (cache miss)
43 timing idealTree:#root Completed in 1106ms
44 timing idealTree:node_modules/@tailwindcss/oxide-wasm32-wasi Completed in 0ms
45 silly placeDep ROOT qs@6.14.0 OK for: stripe@18.4.0 want: ^6.11.0
46 timing idealTree:node_modules/stripe Completed in 4ms
47 timing idealTree:node_modules/qs Completed in 0ms
48 timing idealTree:buildDeps Completed in 1111ms
49 timing idealTree:fixDepFlags Completed in 15ms
50 timing idealTree Completed in 1459ms
51 timing reify:loadTrees Completed in 1461ms
52 timing reify:diffTrees Completed in 17ms
53 silly reify moves {}
54 timing reify:retireShallow Completed in 2ms
55 timing reify:createSparse Completed in 6ms
56 verbose reify failed optional dependency /home/user/node_modules/@tailwindcss/oxide-wasm32-wasi
57 silly reify mark deleted [ '/home/user/node_modules/@tailwindcss/oxide-wasm32-wasi' ]
58 timing reifyNode:node_modules/@tailwindcss/oxide-wasm32-wasi Completed in 3ms
59 timing arborist:ctor Completed in 0ms
60 timing reify:diffTrees Completed in 9ms
61 timing reify:loadBundles Completed in 19ms
62 silly audit bulk request {
62 silly audit   '@alloc/quick-lru': [ '5.2.0' ],
62 silly audit   '@ampproject/remapping': [ '2.3.0' ],
62 silly audit   '@emnapi/core': [ '1.4.4' ],
62 silly audit   '@emnapi/runtime': [ '1.4.3' ],
62 silly audit   '@emnapi/wasi-threads': [ '1.0.3' ],
62 silly audit   '@eslint-community/eslint-utils': [ '4.7.0' ],
62 silly audit   'eslint-visitor-keys': [ '3.4.3', '4.2.1' ],
62 silly audit   '@eslint-community/regexpp': [ '4.12.1' ],
62 silly audit   '@eslint/config-array': [ '0.21.0' ],
62 silly audit   '@eslint/config-helpers': [ '0.3.0' ],
62 silly audit   '@eslint/core': [ '0.15.1' ],
62 silly audit   '@eslint/eslintrc': [ '3.3.1' ],
62 silly audit   '@eslint/js': [ '9.31.0' ],
62 silly audit   '@eslint/object-schema': [ '2.1.6' ],
62 silly audit   '@eslint/plugin-kit': [ '0.3.3' ],
62 silly audit   '@hookform/resolvers': [ '5.2.1' ],
62 silly audit   '@humanfs/core': [ '0.19.1' ],
62 silly audit   '@humanfs/node': [ '0.16.6' ],
62 silly audit   '@humanwhocodes/retry': [ '0.3.1', '0.4.3' ],
62 silly audit   '@humanwhocodes/module-importer': [ '1.0.1' ],
62 silly audit   '@img/sharp-darwin-arm64': [ '0.34.2' ],
62 silly audit   '@img/sharp-darwin-x64': [ '0.34.2' ],
62 silly audit   '@img/sharp-libvips-darwin-arm64': [ '1.1.0' ],
62 silly audit   '@img/sharp-libvips-darwin-x64': [ '1.1.0' ],
62 silly audit   '@img/sharp-libvips-linux-arm': [ '1.1.0' ],
62 silly audit   '@img/sharp-libvips-linux-arm64': [ '1.1.0' ],
62 silly audit   '@img/sharp-libvips-linux-ppc64': [ '1.1.0' ],
62 silly audit   '@img/sharp-libvips-linux-s390x': [ '1.1.0' ],
62 silly audit   '@img/sharp-libvips-linux-x64': [ '1.1.0' ],
62 silly audit   '@img/sharp-libvips-linuxmusl-arm64': [ '1.1.0' ],
62 silly audit   '@img/sharp-libvips-linuxmusl-x64': [ '1.1.0' ],
62 silly audit   '@img/sharp-linux-arm': [ '0.34.2' ],
62 silly audit   '@img/sharp-linux-arm64': [ '0.34.2' ],
62 silly audit   '@img/sharp-linux-s390x': [ '0.34.2' ],
62 silly audit   '@img/sharp-linux-x64': [ '0.34.2' ],
62 silly audit   '@img/sharp-linuxmusl-arm64': [ '0.34.2' ],
62 silly audit   '@img/sharp-linuxmusl-x64': [ '0.34.2' ],
62 silly audit   '@img/sharp-wasm32': [ '0.34.2' ],
62 silly audit   '@img/sharp-win32-arm64': [ '0.34.2' ],
62 silly audit   '@img/sharp-win32-ia32': [ '0.34.2' ],
62 silly audit   '@img/sharp-win32-x64': [ '0.34.2' ],
62 silly audit   '@isaacs/fs-minipass': [ '4.0.1' ],
62 silly audit   '@jridgewell/gen-mapping': [ '0.3.12' ],
62 silly audit   '@jridgewell/resolve-uri': [ '3.1.2' ],
62 silly audit   '@jridgewell/sourcemap-codec': [ '1.5.4' ],
62 silly audit   '@jridgewell/trace-mapping': [ '0.3.29' ],
62 silly audit   '@napi-rs/wasm-runtime': [ '0.2.12' ],
62 silly audit   '@next/env': [ '15.3.5' ],
62 silly audit   '@next/eslint-plugin-next': [ '15.4.1' ],
62 silly audit   '@next/swc-darwin-arm64': [ '15.3.5' ],
62 silly audit   '@next/swc-darwin-x64': [ '15.3.5' ],
62 silly audit   '@next/swc-linux-arm64-gnu': [ '15.3.5' ],
62 silly audit   '@next/swc-linux-arm64-musl': [ '15.3.5' ],
62 silly audit   '@next/swc-linux-x64-gnu': [ '15.3.5' ],
62 silly audit   '@next/swc-linux-x64-musl': [ '15.3.5' ],
62 silly audit   '@next/swc-win32-arm64-msvc': [ '15.3.5' ],
62 silly audit   '@next/swc-win32-x64-msvc': [ '15.3.5' ],
62 silly audit   '@nodelib/fs.scandir': [ '2.1.5' ],
62 silly audit   '@nodelib/fs.stat': [ '2.0.5' ],
62 silly audit   '@nodelib/fs.walk': [ '1.2.8' ],
62 silly audit   '@nolyfill/is-core-module': [ '1.0.39' ],
62 silly audit   '@rtsao/scc': [ '1.1.0' ],
62 silly audit   '@rushstack/eslint-patch': [ '1.12.0' ],
62 silly audit   '@standard-schema/utils': [ '0.3.0' ],
62 silly audit   '@swc/counter': [ '0.1.3' ],
62 silly audit   '@swc/helpers': [ '0.5.15' ],
62 silly audit   '@tailwindcss/node': [ '4.1.11' ],
62 silly audit   '@tailwindcss/oxide': [ '4.1.11' ],
62 silly audit   '@tailwindcss/oxide-android-arm64': [ '4.1.11' ],
62 silly audit   '@tailwindcss/oxide-darwin-arm64': [ '4.1.11' ],
62 silly audit   '@tailwindcss/oxide-darwin-x64': [ '4.1.11' ],
62 silly audit   '@tailwindcss/oxide-freebsd-x64': [ '4.1.11' ],
62 silly audit   '@tailwindcss/oxide-linux-arm-gnueabihf': [ '4.1.11' ],
62 silly audit   '@tailwindcss/oxide-linux-arm64-gnu': [ '4.1.11' ],
62 silly audit   '@tailwindcss/oxide-linux-arm64-musl': [ '4.1.11' ],
62 silly audit   '@tailwindcss/oxide-linux-x64-gnu': [ '4.1.11' ],
62 silly audit   '@tailwindcss/oxide-linux-x64-musl': [ '4.1.11' ],
62 silly audit   '@tailwindcss/oxide-win32-arm64-msvc': [ '4.1.11' ],
62 silly audit   '@tailwindcss/oxide-win32-x64-msvc': [ '4.1.11' ],
62 silly audit   '@tailwindcss/postcss': [ '4.1.11' ],
62 silly audit   '@tybys/wasm-util': [ '0.10.0' ],
62 silly audit   '@types/estree': [ '1.0.8' ],
62 silly audit   '@types/json-schema': [ '7.0.15' ],
62 silly audit   '@types/json5': [ '0.0.29' ],
62 silly audit   '@types/node': [ '20.19.4' ],
62 silly audit   '@types/react': [ '19.1.8' ],
62 silly audit   '@types/react-dom': [ '19.1.6' ],
62 silly audit   '@typescript-eslint/eslint-plugin': [ '8.37.0' ],
62 silly audit   ignore: [ '7.0.5', '5.3.2' ],
62 silly audit   '@typescript-eslint/parser': [ '8.37.0' ],
62 silly audit   '@typescript-eslint/project-service': [ '8.37.0' ],
62 silly audit   '@typescript-eslint/scope-manager': [ '8.37.0' ],
62 silly audit   '@typescript-eslint/tsconfig-utils': [ '8.37.0' ],
62 silly audit   '@typescript-eslint/type-utils': [ '8.37.0' ],
62 silly audit   '@typescript-eslint/types': [ '8.37.0' ],
62 silly audit   '@typescript-eslint/typescript-estree': [ '8.37.0' ],
62 silly audit   'brace-expansion': [ '2.0.2', '1.1.12' ],
62 silly audit   'fast-glob': [ '3.3.3', '3.3.1' ],
62 silly audit   'glob-parent': [ '5.1.2', '6.0.2' ],
62 silly audit   minimatch: [ '9.0.5', '3.1.2' ],
62 silly audit   '@typescript-eslint/utils': [ '8.37.0' ],
62 silly audit   '@typescript-eslint/visitor-keys': [ '8.37.0' ],
62 silly audit   '@unrs/resolver-binding-android-arm-eabi': [ '1.11.1' ],
62 silly audit   '@unrs/resolver-binding-android-arm64': [ '1.11.1' ],
62 silly audit   '@unrs/resolver-binding-darwin-arm64': [ '1.11.1' ],
62 silly audit   '@unrs/resolver-binding-darwin-x64': [ '1.11.1' ],
62 silly audit   '@unrs/resolver-binding-freebsd-x64': [ '1.11.1' ],
62 silly audit   '@unrs/resolver-binding-linux-arm-gnueabihf': [ '1.11.1' ],
62 silly audit   '@unrs/resolver-binding-linux-arm-musleabihf': [ '1.11.1' ],
62 silly audit   '@unrs/resolver-binding-linux-arm64-gnu': [ '1.11.1' ],
62 silly audit   '@unrs/resolver-binding-linux-arm64-musl': [ '1.11.1' ],
62 silly audit   '@unrs/resolver-binding-linux-ppc64-gnu': [ '1.11.1' ],
62 silly audit   '@unrs/resolver-binding-linux-riscv64-gnu': [ '1.11.1' ],
62 silly audit   '@unrs/resolver-binding-linux-riscv64-musl': [ '1.11.1' ],
62 silly audit   '@unrs/resolver-binding-linux-s390x-gnu': [ '1.11.1' ],
62 silly audit   '@unrs/resolver-binding-linux-x64-gnu': [ '1.11.1' ],
62 silly audit   '@unrs/resolver-binding-linux-x64-musl': [ '1.11.1' ],
62 silly audit   '@unrs/resolver-binding-wasm32-wasi': [ '1.11.1' ],
62 silly audit   '@unrs/resolver-binding-win32-arm64-msvc': [ '1.11.1' ],
62 silly audit   '@unrs/resolver-binding-win32-ia32-msvc': [ '1.11.1' ],
62 silly audit   '@unrs/resolver-binding-win32-x64-msvc': [ '1.11.1' ],
62 silly audit   acorn: [ '8.15.0' ],
62 silly audit   'acorn-jsx': [ '5.3.2' ],
62 silly audit   ajv: [ '6.12.6' ],
62 silly audit   'ansi-styles': [ '4.3.0' ],
62 silly audit   argparse: [ '2.0.1' ],
62 silly audit   'aria-query': [ '5.3.2' ],
62 silly audit   'array-buffer-byte-length': [ '1.0.2' ],
62 silly audit   'array-includes': [ '3.1.9' ],
62 silly audit   'array.prototype.findlast': [ '1.2.5' ],
62 silly audit   'array.prototype.findlastindex': [ '1.2.6' ],
62 silly audit   'array.prototype.flat': [ '1.3.3' ],
62 silly audit   'array.prototype.flatmap': [ '1.3.3' ],
62 silly audit   'array.prototype.tosorted': [ '1.1.4' ],
62 silly audit   'arraybuffer.prototype.slice': [ '1.0.4' ],
62 silly audit   'ast-types-flow': [ '0.0.8' ],
62 silly audit   'async-function': [ '1.0.0' ],
62 silly audit   asynckit: [ '0.4.0' ],
62 silly audit   'available-typed-arrays': [ '1.0.7' ],
62 silly audit   'axe-core': [ '4.10.3' ],
62 silly audit   axios: [ '1.11.0' ],
62 silly audit   'axobject-query': [ '4.1.0' ],
62 silly audit   'balanced-match': [ '1.0.2' ],
62 silly audit   braces: [ '3.0.3' ],
62 silly audit   busboy: [ '1.6.0' ],
62 silly audit   'call-bind': [ '1.0.8' ],
62 silly audit   'call-bind-apply-helpers': [ '1.0.2' ],
62 silly audit   'call-bound': [ '1.0.4' ],
62 silly audit   callsites: [ '3.1.0' ],
62 silly audit   'caniuse-lite': [ '1.0.30001726' ],
62 silly audit   chalk: [ '4.1.2' ],
62 silly audit   chownr: [ '3.0.0' ],
62 silly audit   'client-only': [ '0.0.1' ],
62 silly audit   color: [ '4.2.3' ],
62 silly audit   'color-convert': [ '2.0.1' ],
62 silly audit   'color-name': [ '1.1.4' ],
62 silly audit   'color-string': [ '1.9.1' ],
62 silly audit   'combined-stream': [ '1.0.8' ],
62 silly audit   'concat-map': [ '0.0.1' ],
62 silly audit   'cross-spawn': [ '7.0.6' ],
62 silly audit   'crypto-js': [ '4.2.0' ],
62 silly audit   csstype: [ '3.1.3' ],
62 silly audit   'damerau-levenshtein': [ '1.0.8' ],
62 silly audit   'data-view-buffer': [ '1.0.2' ],
62 silly audit   'data-view-byte-length': [ '1.0.2' ],
62 silly audit   'data-view-byte-offset': [ '1.0.1' ],
62 silly audit   debug: [ '4.4.1', '3.2.7' ],
62 silly audit   'deep-is': [ '0.1.4' ],
62 silly audit   'define-data-property': [ '1.1.4' ],
62 silly audit   'define-properties': [ '1.2.1' ],
62 silly audit   'delayed-stream': [ '1.0.0' ],
62 silly audit   'detect-libc': [ '2.0.4' ],
62 silly audit   doctrine: [ '2.1.0' ],
62 silly audit   'dunder-proto': [ '1.0.1' ],
62 silly audit   'emoji-regex': [ '9.2.2' ],
62 silly audit   'enhanced-resolve': [ '5.18.2' ],
62 silly audit   'es-abstract': [ '1.24.0' ],
62 silly audit   'es-define-property': [ '1.0.1' ],
62 silly audit   'es-errors': [ '1.3.0' ],
62 silly audit   'es-iterator-helpers': [ '1.2.1' ],
62 silly audit   'es-object-atoms': [ '1.1.1' ],
62 silly audit   'es-set-tostringtag': [ '2.1.0' ],
62 silly audit   'es-shim-unscopables': [ '1.1.0' ],
62 silly audit   'es-to-primitive': [ '1.3.0' ],
62 silly audit   'escape-string-regexp': [ '4.0.0' ],
62 silly audit   eslint: [ '9.31.0' ],
62 silly audit   'eslint-config-next': [ '15.4.1' ],
62 silly audit   'eslint-import-resolver-node': [ '0.3.9' ],
62 silly audit   'eslint-import-resolver-typescript': [ '3.10.1' ],
62 silly audit   'eslint-module-utils': [ '2.12.1' ],
62 silly audit   'eslint-plugin-import': [ '2.32.0' ],
62 silly audit   semver: [ '6.3.1', '7.7.2' ],
62 silly audit   'eslint-plugin-jsx-a11y': [ '6.10.2' ],
62 silly audit   'eslint-plugin-react': [ '7.37.5' ],
62 silly audit   'eslint-plugin-react-hooks': [ '5.2.0' ],
62 silly audit   resolve: [ '2.0.0-next.5', '1.22.10' ],
62 silly audit   'eslint-scope': [ '8.4.0' ],
62 silly audit   espree: [ '10.4.0' ],
62 silly audit   esquery: [ '1.6.0' ],
62 silly audit   esrecurse: [ '4.3.0' ],
62 silly audit   estraverse: [ '5.3.0' ],
62 silly audit   esutils: [ '2.0.3' ],
62 silly audit   'fast-deep-equal': [ '3.1.3' ],
62 silly audit   'fast-json-stable-stringify': [ '2.1.0' ],
62 silly audit   'fast-levenshtein': [ '2.0.6' ],
62 silly audit   fastq: [ '1.19.1' ],
62 silly audit   'file-entry-cache': [ '8.0.0' ],
62 silly audit   'fill-range': [ '7.1.1' ],
62 silly audit   'find-up': [ '5.0.0' ],
62 silly audit   'flat-cache': [ '4.0.1' ],
62 silly audit   flatted: [ '3.3.3' ],
62 silly audit   'follow-redirects': [ '1.15.11' ],
62 silly audit   'for-each': [ '0.3.5' ],
62 silly audit   'form-data': [ '4.0.4' ],
62 silly audit   'function-bind': [ '1.1.2' ],
62 silly audit   'function.prototype.name': [ '1.1.8' ],
62 silly audit   'functions-have-names': [ '1.2.3' ],
62 silly audit   'get-intrinsic': [ '1.3.0' ],
62 silly audit   'get-proto': [ '1.0.1' ],
62 silly audit   'get-symbol-description': [ '1.1.0' ],
62 silly audit   'get-tsconfig': [ '4.10.1' ],
62 silly audit   globals: [ '14.0.0' ],
62 silly audit   globalthis: [ '1.0.4' ],
62 silly audit   gopd: [ '1.2.0' ],
62 silly audit   'graceful-fs': [ '4.2.11' ],
62 silly audit   graphemer: [ '1.4.0' ],
62 silly audit   'has-bigints': [ '1.1.0' ],
62 silly audit   'has-flag': [ '4.0.0' ],
62 silly audit   'has-property-descriptors': [ '1.0.2' ],
62 silly audit   'has-proto': [ '1.2.0' ],
62 silly audit   'has-symbols': [ '1.1.0' ],
62 silly audit   'has-tostringtag': [ '1.0.2' ],
62 silly audit   hasown: [ '2.0.2' ],
62 silly audit   'import-fresh': [ '3.3.1' ],
62 silly audit   imurmurhash: [ '0.1.4' ],
62 silly audit   'internal-slot': [ '1.1.0' ],
62 silly audit   'is-array-buffer': [ '3.0.5' ],
62 silly audit   'is-arrayish': [ '0.3.2' ],
62 silly audit   'is-async-function': [ '2.1.1' ],
62 silly audit   'is-bigint': [ '1.1.0' ],
62 silly audit   'is-boolean-object': [ '1.2.2' ],
62 silly audit   'is-bun-module': [ '2.0.0' ],
62 silly audit   'is-callable': [ '1.2.7' ],
62 silly audit   'is-core-module': [ '2.16.1' ],
62 silly audit   'is-data-view': [ '1.0.2' ],
62 silly audit   'is-date-object': [ '1.1.0' ],
62 silly audit   'is-extglob': [ '2.1.1' ],
62 silly audit   'is-finalizationregistry': [ '1.1.1' ],
62 silly audit   'is-generator-function': [ '1.1.0' ],
62 silly audit   'is-glob': [ '4.0.3' ],
62 silly audit   'is-map': [ '2.0.3' ],
62 silly audit   'is-negative-zero': [ '2.0.3' ],
62 silly audit   'is-number': [ '7.0.0' ],
62 silly audit   'is-number-object': [ '1.1.1' ],
62 silly audit   'is-regex': [ '1.2.1' ],
62 silly audit   'is-set': [ '2.0.3' ],
62 silly audit   'is-shared-array-buffer': [ '1.0.4' ],
62 silly audit   'is-string': [ '1.1.1' ],
62 silly audit   'is-symbol': [ '1.1.1' ],
62 silly audit   'is-typed-array': [ '1.1.15' ],
62 silly audit   'is-weakmap': [ '2.0.2' ],
62 silly audit   'is-weakref': [ '1.1.1' ],
62 silly audit   'is-weakset': [ '2.0.4' ],
62 silly audit   isarray: [ '2.0.5' ],
62 silly audit   isexe: [ '2.0.0' ],
62 silly audit   'iterator.prototype': [ '1.1.5' ],
62 silly audit   jiti: [ '2.4.2' ],
62 silly audit   'js-tokens': [ '4.0.0' ],
62 silly audit   'js-yaml': [ '4.1.0' ],
62 silly audit   'json-buffer': [ '3.0.1' ],
62 silly audit   'json-schema-traverse': [ '0.4.1' ],
62 silly audit   'json-stable-stringify-without-jsonify': [ '1.0.1' ],
62 silly audit   json5: [ '1.0.2' ],
62 silly audit   'jsx-ast-utils': [ '3.3.5' ],
62 silly audit   keyv: [ '4.5.4' ],
62 silly audit   'language-subtag-registry': [ '0.3.23' ],
62 silly audit   'language-tags': [ '1.0.9' ],
62 silly audit   levn: [ '0.4.1' ],
62 silly audit   lightningcss: [ '1.30.1' ],
62 silly audit   'lightningcss-darwin-arm64': [ '1.30.1' ],
62 silly audit   'lightningcss-darwin-x64': [ '1.30.1' ],
62 silly audit   'lightningcss-freebsd-x64': [ '1.30.1' ],
62 silly audit   'lightningcss-linux-arm-gnueabihf': [ '1.30.1' ],
62 silly audit   'lightningcss-linux-arm64-gnu': [ '1.30.1' ],
62 silly audit   'lightningcss-linux-arm64-musl': [ '1.30.1' ],
62 silly audit   'lightningcss-linux-x64-gnu': [ '1.30.1' ],
62 silly audit   'lightningcss-linux-x64-musl': [ '1.30.1' ],
62 silly audit   'lightningcss-win32-arm64-msvc': [ '1.30.1' ],
62 silly audit   'lightningcss-win32-x64-msvc': [ '1.30.1' ],
62 silly audit   'locate-path': [ '6.0.0' ],
62 silly audit   'lodash.merge': [ '4.6.2' ],
62 silly audit   'loose-envify': [ '1.4.0' ],
62 silly audit   'lucide-react': [ '0.540.0' ],
62 silly audit   'magic-string': [ '0.30.17' ],
62 silly audit   'math-intrinsics': [ '1.1.0' ],
62 silly audit   merge2: [ '1.4.1' ],
62 silly audit   micromatch: [ '4.0.8' ],
62 silly audit   'mime-db': [ '1.52.0' ],
62 silly audit   'mime-types': [ '2.1.35' ],
62 silly audit   minimist: [ '1.2.8' ],
62 silly audit   minipass: [ '7.1.2' ],
62 silly audit   minizlib: [ '3.0.2' ],
62 silly audit   mkdirp: [ '3.0.1' ],
62 silly audit   ms: [ '2.1.3' ],
62 silly audit   nanoid: [ '3.3.11' ],
62 silly audit   'napi-postinstall': [ '0.3.0' ],
62 silly audit   'natural-compare': [ '1.4.0' ],
62 silly audit   next: [ '15.3.5' ],
62 silly audit   postcss: [ '8.4.31', '8.5.6' ],
62 silly audit   'object-assign': [ '4.1.1' ],
62 silly audit   'object-inspect': [ '1.13.4' ],
62 silly audit   'object-keys': [ '1.1.1' ],
62 silly audit   'object.assign': [ '4.1.7' ],
62 silly audit   'object.entries': [ '1.1.9' ],
62 silly audit   'object.fromentries': [ '2.0.8' ],
62 silly audit   'object.groupby': [ '1.0.3' ],
62 silly audit   'object.values': [ '1.2.1' ],
62 silly audit   optionator: [ '0.9.4' ],
62 silly audit   'own-keys': [ '1.0.1' ],
62 silly audit   'p-limit': [ '3.1.0' ],
62 silly audit   'p-locate': [ '5.0.0' ],
62 silly audit   'parent-module': [ '1.0.1' ],
62 silly audit   'path-exists': [ '4.0.0' ],
62 silly audit   'path-key': [ '3.1.1' ],
62 silly audit   'path-parse': [ '1.0.7' ],
62 silly audit   picocolors: [ '1.1.1' ],
62 silly audit   picomatch: [ '2.3.1', '4.0.2' ],
62 silly audit   'possible-typed-array-names': [ '1.1.0' ],
62 silly audit   'prelude-ls': [ '1.2.1' ],
62 silly audit   'prop-types': [ '15.8.1' ],
62 silly audit   'proxy-from-env': [ '1.1.0' ],
62 silly audit   punycode: [ '2.3.1' ],
62 silly audit   'queue-microtask': [ '1.2.3' ],
62 silly audit   react: [ '19.1.0' ],
62 silly audit   'react-dom': [ '19.1.0' ],
62 silly audit   'react-hook-form': [ '7.62.0' ],
62 silly audit   'react-is': [ '16.13.1' ],
62 silly audit   'reflect.getprototypeof': [ '1.0.10' ],
62 silly audit   'regexp.prototype.flags': [ '1.5.4' ],
62 silly audit   'resolve-from': [ '4.0.0' ],
62 silly audit   'resolve-pkg-maps': [ '1.0.0' ],
62 silly audit   reusify: [ '1.1.0' ],
62 silly audit   'run-parallel': [ '1.2.0' ],
62 silly audit   'safe-array-concat': [ '1.1.3' ],
62 silly audit   'safe-push-apply': [ '1.0.0' ],
62 silly audit   'safe-regex-test': [ '1.1.0' ],
62 silly audit   scheduler: [ '0.26.0' ],
62 silly audit   'set-function-length': [ '1.2.2' ],
62 silly audit   'set-function-name': [ '2.0.2' ],
62 silly audit   'set-proto': [ '1.0.0' ],
62 silly audit   sharp: [ '0.34.2' ],
62 silly audit   'shebang-command': [ '2.0.0' ],
62 silly audit   'shebang-regex': [ '3.0.0' ],
62 silly audit   'side-channel': [ '1.1.0' ],
62 silly audit   'side-channel-list': [ '1.0.0' ],
62 silly audit   'side-channel-map': [ '1.0.1' ],
62 silly audit   'side-channel-weakmap': [ '1.0.2' ],
62 silly audit   'simple-swizzle': [ '0.2.2' ],
62 silly audit   'source-map-js': [ '1.2.1' ],
62 silly audit   'stable-hash': [ '0.0.5' ],
62 silly audit   'stop-iteration-iterator': [ '1.1.0' ],
62 silly audit   streamsearch: [ '1.1.0' ],
62 silly audit   'string.prototype.includes': [ '2.0.1' ],
62 silly audit   'string.prototype.matchall': [ '4.0.12' ],
62 silly audit   'string.prototype.repeat': [ '1.0.0' ],
62 silly audit   'string.prototype.trim': [ '1.2.10' ],
62 silly audit   'string.prototype.trimend': [ '1.0.9' ],
62 silly audit   'string.prototype.trimstart': [ '1.0.8' ],
62 silly audit   'strip-bom': [ '3.0.0' ],
62 silly audit   'strip-json-comments': [ '3.1.1' ],
62 silly audit   'styled-jsx': [ '5.1.6' ],
62 silly audit   'supports-color': [ '7.2.0' ],
62 silly audit   'supports-preserve-symlinks-flag': [ '1.0.0' ],
62 silly audit   tailwindcss: [ '4.1.11' ],
62 silly audit   tapable: [ '2.2.2' ],
62 silly audit   tar: [ '7.4.3' ],
62 silly audit   tinyglobby: [ '0.2.14' ],
62 silly audit   fdir: [ '6.4.6' ],
62 silly audit   'to-regex-range': [ '5.0.1' ],
62 silly audit   'ts-api-utils': [ '2.1.0' ],
62 silly audit   'tsconfig-paths': [ '3.15.0' ],
62 silly audit   tslib: [ '2.8.1' ],
62 silly audit   'type-check': [ '0.4.0' ],
62 silly audit   'typed-array-buffer': [ '1.0.3' ],
62 silly audit   'typed-array-byte-length': [ '1.0.3' ],
62 silly audit   'typed-array-byte-offset': [ '1.0.4' ],
62 silly audit   'typed-array-length': [ '1.0.7' ],
62 silly audit   typescript: [ '5.8.3' ],
62 silly audit   'unbox-primitive': [ '1.1.0' ],
62 silly audit   'undici-types': [ '6.21.0' ],
62 silly audit   'unrs-resolver': [ '1.11.1' ],
62 silly audit   'uri-js': [ '4.4.1' ],
62 silly audit   uuid: [ '11.1.0' ],
62 silly audit   which: [ '2.0.2' ],
62 silly audit   'which-boxed-primitive': [ '1.1.1' ],
62 silly audit   'which-builtin-type': [ '1.2.1' ],
62 silly audit   'which-collection': [ '1.0.2' ],
62 silly audit   'which-typed-array': [ '1.1.19' ],
62 silly audit   'word-wrap': [ '1.2.5' ],
62 silly audit   yallist: [ '5.0.0' ],
62 silly audit   'yocto-queue': [ '0.1.0' ],
62 silly audit   zod: [ '4.0.17' ],
62 silly audit   stripe: [ '18.4.0' ],
62 silly audit   qs: [ '6.14.0' ],
62 silly audit   '@tailwindcss/oxide-wasm32-wasi': [ '4.1.11' ]
62 silly audit }
63 verbose reify failed optional dependency /home/user/node_modules/lightningcss-win32-x64-msvc
64 silly reify mark deleted [ '/home/user/node_modules/lightningcss-win32-x64-msvc' ]
65 verbose reify failed optional dependency /home/user/node_modules/lightningcss-win32-arm64-msvc
66 silly reify mark deleted [ '/home/user/node_modules/lightningcss-win32-arm64-msvc' ]
67 verbose reify failed optional dependency /home/user/node_modules/lightningcss-linux-arm64-musl
68 silly reify mark deleted [ '/home/user/node_modules/lightningcss-linux-arm64-musl' ]
69 verbose reify failed optional dependency /home/user/node_modules/lightningcss-linux-arm64-gnu
70 silly reify mark deleted [ '/home/user/node_modules/lightningcss-linux-arm64-gnu' ]
71 verbose reify failed optional dependency /home/user/node_modules/lightningcss-linux-arm-gnueabihf
72 silly reify mark deleted [ '/home/user/node_modules/lightningcss-linux-arm-gnueabihf' ]
73 verbose reify failed optional dependency /home/user/node_modules/lightningcss-freebsd-x64
74 silly reify mark deleted [ '/home/user/node_modules/lightningcss-freebsd-x64' ]
75 verbose reify failed optional dependency /home/user/node_modules/lightningcss-darwin-x64
76 silly reify mark deleted [ '/home/user/node_modules/lightningcss-darwin-x64' ]
77 verbose reify failed optional dependency /home/user/node_modules/lightningcss-darwin-arm64
78 silly reify mark deleted [ '/home/user/node_modules/lightningcss-darwin-arm64' ]
79 verbose reify failed optional dependency /home/user/node_modules/@unrs/resolver-binding-win32-x64-msvc
80 silly reify mark deleted [ '/home/user/node_modules/@unrs/resolver-binding-win32-x64-msvc' ]
81 verbose reify failed optional dependency /home/user/node_modules/@unrs/resolver-binding-win32-ia32-msvc
82 silly reify mark deleted [ '/home/user/node_modules/@unrs/resolver-binding-win32-ia32-msvc' ]
83 verbose reify failed optional dependency /home/user/node_modules/@unrs/resolver-binding-win32-arm64-msvc
84 silly reify mark deleted [ '/home/user/node_modules/@unrs/resolver-binding-win32-arm64-msvc' ]
85 verbose reify failed optional dependency /home/user/node_modules/@unrs/resolver-binding-wasm32-wasi
86 silly reify mark deleted [ '/home/user/node_modules/@unrs/resolver-binding-wasm32-wasi' ]
87 verbose reify failed optional dependency /home/user/node_modules/@unrs/resolver-binding-linux-s390x-gnu
88 silly reify mark deleted [ '/home/user/node_modules/@unrs/resolver-binding-linux-s390x-gnu' ]
89 verbose reify failed optional dependency /home/user/node_modules/@unrs/resolver-binding-linux-riscv64-musl
90 silly reify mark deleted [ '/home/user/node_modules/@unrs/resolver-binding-linux-riscv64-musl' ]
91 verbose reify failed optional dependency /home/user/node_modules/@unrs/resolver-binding-linux-riscv64-gnu
92 silly reify mark deleted [ '/home/user/node_modules/@unrs/resolver-binding-linux-riscv64-gnu' ]
93 verbose reify failed optional dependency /home/user/node_modules/@unrs/resolver-binding-linux-ppc64-gnu
94 silly reify mark deleted [ '/home/user/node_modules/@unrs/resolver-binding-linux-ppc64-gnu' ]
95 verbose reify failed optional dependency /home/user/node_modules/@unrs/resolver-binding-linux-arm64-musl
96 silly reify mark deleted [ '/home/user/node_modules/@unrs/resolver-binding-linux-arm64-musl' ]
97 verbose reify failed optional dependency /home/user/node_modules/@unrs/resolver-binding-linux-arm64-gnu
98 silly reify mark deleted [ '/home/user/node_modules/@unrs/resolver-binding-linux-arm64-gnu' ]
99 verbose reify failed optional dependency /home/user/node_modules/@unrs/resolver-binding-linux-arm-musleabihf
100 silly reify mark deleted [
100 silly reify   '/home/user/node_modules/@unrs/resolver-binding-linux-arm-musleabihf'
100 silly reify ]
101 verbose reify failed optional dependency /home/user/node_modules/@unrs/resolver-binding-linux-arm-gnueabihf
102 silly reify mark deleted [
102 silly reify   '/home/user/node_modules/@unrs/resolver-binding-linux-arm-gnueabihf'
102 silly reify ]
103 verbose reify failed optional dependency /home/user/node_modules/@unrs/resolver-binding-freebsd-x64
104 silly reify mark deleted [ '/home/user/node_modules/@unrs/resolver-binding-freebsd-x64' ]
105 verbose reify failed optional dependency /home/user/node_modules/@unrs/resolver-binding-darwin-x64
106 silly reify mark deleted [ '/home/user/node_modules/@unrs/resolver-binding-darwin-x64' ]
107 verbose reify failed optional dependency /home/user/node_modules/@unrs/resolver-binding-darwin-arm64
108 silly reify mark deleted [ '/home/user/node_modules/@unrs/resolver-binding-darwin-arm64' ]
109 verbose reify failed optional dependency /home/user/node_modules/@unrs/resolver-binding-android-arm64
110 silly reify mark deleted [ '/home/user/node_modules/@unrs/resolver-binding-android-arm64' ]
111 verbose reify failed optional dependency /home/user/node_modules/@unrs/resolver-binding-android-arm-eabi
112 silly reify mark deleted [ '/home/user/node_modules/@unrs/resolver-binding-android-arm-eabi' ]
113 verbose reify failed optional dependency /home/user/node_modules/@tailwindcss/oxide-win32-x64-msvc
114 silly reify mark deleted [ '/home/user/node_modules/@tailwindcss/oxide-win32-x64-msvc' ]
115 verbose reify failed optional dependency /home/user/node_modules/@tailwindcss/oxide-win32-arm64-msvc
116 silly reify mark deleted [ '/home/user/node_modules/@tailwindcss/oxide-win32-arm64-msvc' ]
117 verbose reify failed optional dependency /home/user/node_modules/@tailwindcss/oxide-linux-arm64-musl
118 silly reify mark deleted [ '/home/user/node_modules/@tailwindcss/oxide-linux-arm64-musl' ]
119 verbose reify failed optional dependency /home/user/node_modules/@tailwindcss/oxide-linux-arm64-gnu
120 silly reify mark deleted [ '/home/user/node_modules/@tailwindcss/oxide-linux-arm64-gnu' ]
121 verbose reify failed optional dependency /home/user/node_modules/@tailwindcss/oxide-linux-arm-gnueabihf
122 silly reify mark deleted [ '/home/user/node_modules/@tailwindcss/oxide-linux-arm-gnueabihf' ]
123 verbose reify failed optional dependency /home/user/node_modules/@tailwindcss/oxide-freebsd-x64
124 silly reify mark deleted [ '/home/user/node_modules/@tailwindcss/oxide-freebsd-x64' ]
125 verbose reify failed optional dependency /home/user/node_modules/@tailwindcss/oxide-darwin-x64
126 silly reify mark deleted [ '/home/user/node_modules/@tailwindcss/oxide-darwin-x64' ]
127 verbose reify failed optional dependency /home/user/node_modules/@tailwindcss/oxide-darwin-arm64
128 silly reify mark deleted [ '/home/user/node_modules/@tailwindcss/oxide-darwin-arm64' ]
129 verbose reify failed optional dependency /home/user/node_modules/@tailwindcss/oxide-android-arm64
130 silly reify mark deleted [ '/home/user/node_modules/@tailwindcss/oxide-android-arm64' ]
131 verbose reify failed optional dependency /home/user/node_modules/@next/swc-win32-x64-msvc
132 silly reify mark deleted [ '/home/user/node_modules/@next/swc-win32-x64-msvc' ]
133 verbose reify failed optional dependency /home/user/node_modules/@next/swc-win32-arm64-msvc
134 silly reify mark deleted [ '/home/user/node_modules/@next/swc-win32-arm64-msvc' ]
135 verbose reify failed optional dependency /home/user/node_modules/@next/swc-linux-arm64-musl
136 silly reify mark deleted [ '/home/user/node_modules/@next/swc-linux-arm64-musl' ]
137 verbose reify failed optional dependency /home/user/node_modules/@next/swc-linux-arm64-gnu
138 silly reify mark deleted [ '/home/user/node_modules/@next/swc-linux-arm64-gnu' ]
139 verbose reify failed optional dependency /home/user/node_modules/@next/swc-darwin-x64
140 silly reify mark deleted [ '/home/user/node_modules/@next/swc-darwin-x64' ]
141 verbose reify failed optional dependency /home/user/node_modules/@next/swc-darwin-arm64
142 silly reify mark deleted [ '/home/user/node_modules/@next/swc-darwin-arm64' ]
143 verbose reify failed optional dependency /home/user/node_modules/@img/sharp-win32-x64
144 silly reify mark deleted [ '/home/user/node_modules/@img/sharp-win32-x64' ]
145 verbose reify failed optional dependency /home/user/node_modules/@img/sharp-win32-ia32
146 silly reify mark deleted [ '/home/user/node_modules/@img/sharp-win32-ia32' ]
147 verbose reify failed optional dependency /home/user/node_modules/@img/sharp-win32-arm64
148 silly reify mark deleted [ '/home/user/node_modules/@img/sharp-win32-arm64' ]
149 verbose reify failed optional dependency /home/user/node_modules/@img/sharp-wasm32
150 silly reify mark deleted [ '/home/user/node_modules/@img/sharp-wasm32' ]
151 verbose reify failed optional dependency /home/user/node_modules/@img/sharp-linuxmusl-arm64
152 silly reify mark deleted [ '/home/user/node_modules/@img/sharp-linuxmusl-arm64' ]
153 verbose reify failed optional dependency /home/user/node_modules/@img/sharp-linux-s390x
154 silly reify mark deleted [ '/home/user/node_modules/@img/sharp-linux-s390x' ]
155 verbose reify failed optional dependency /home/user/node_modules/@img/sharp-linux-arm64
156 silly reify mark deleted [ '/home/user/node_modules/@img/sharp-linux-arm64' ]
157 verbose reify failed optional dependency /home/user/node_modules/@img/sharp-linux-arm
158 silly reify mark deleted [ '/home/user/node_modules/@img/sharp-linux-arm' ]
159 verbose reify failed optional dependency /home/user/node_modules/@img/sharp-libvips-linuxmusl-arm64
160 silly reify mark deleted [ '/home/user/node_modules/@img/sharp-libvips-linuxmusl-arm64' ]
161 verbose reify failed optional dependency /home/user/node_modules/@img/sharp-libvips-linux-s390x
162 silly reify mark deleted [ '/home/user/node_modules/@img/sharp-libvips-linux-s390x' ]
163 verbose reify failed optional dependency /home/user/node_modules/@img/sharp-libvips-linux-ppc64
164 silly reify mark deleted [ '/home/user/node_modules/@img/sharp-libvips-linux-ppc64' ]
165 verbose reify failed optional dependency /home/user/node_modules/@img/sharp-libvips-linux-arm64
166 silly reify mark deleted [ '/home/user/node_modules/@img/sharp-libvips-linux-arm64' ]
167 verbose reify failed optional dependency /home/user/node_modules/@img/sharp-libvips-linux-arm
168 silly reify mark deleted [ '/home/user/node_modules/@img/sharp-libvips-linux-arm' ]
169 verbose reify failed optional dependency /home/user/node_modules/@img/sharp-libvips-darwin-x64
170 silly reify mark deleted [ '/home/user/node_modules/@img/sharp-libvips-darwin-x64' ]
171 verbose reify failed optional dependency /home/user/node_modules/@img/sharp-libvips-darwin-arm64
172 silly reify mark deleted [ '/home/user/node_modules/@img/sharp-libvips-darwin-arm64' ]
173 verbose reify failed optional dependency /home/user/node_modules/@img/sharp-darwin-x64
174 silly reify mark deleted [ '/home/user/node_modules/@img/sharp-darwin-x64' ]
175 verbose reify failed optional dependency /home/user/node_modules/@img/sharp-darwin-arm64
176 silly reify mark deleted [ '/home/user/node_modules/@img/sharp-darwin-arm64' ]
177 timing reifyNode:node_modules/lightningcss-win32-x64-msvc Completed in 23ms
178 timing reifyNode:node_modules/lightningcss-win32-arm64-msvc Completed in 23ms
179 timing reifyNode:node_modules/lightningcss-linux-arm64-musl Completed in 20ms
180 timing reifyNode:node_modules/lightningcss-linux-arm64-gnu Completed in 20ms
181 timing reifyNode:node_modules/lightningcss-linux-arm-gnueabihf Completed in 21ms
182 timing reifyNode:node_modules/lightningcss-freebsd-x64 Completed in 21ms
183 timing reifyNode:node_modules/lightningcss-darwin-x64 Completed in 20ms
184 timing reifyNode:node_modules/lightningcss-darwin-arm64 Completed in 20ms
185 timing reifyNode:node_modules/@unrs/resolver-binding-win32-x64-msvc Completed in 20ms
186 timing reifyNode:node_modules/@unrs/resolver-binding-win32-ia32-msvc Completed in 20ms
187 timing reifyNode:node_modules/@unrs/resolver-binding-win32-arm64-msvc Completed in 20ms
188 timing reifyNode:node_modules/@unrs/resolver-binding-wasm32-wasi Completed in 20ms
189 timing reifyNode:node_modules/@unrs/resolver-binding-linux-s390x-gnu Completed in 20ms
190 timing reifyNode:node_modules/@unrs/resolver-binding-linux-riscv64-musl Completed in 20ms
191 timing reifyNode:node_modules/@unrs/resolver-binding-linux-riscv64-gnu Completed in 20ms
192 timing reifyNode:node_modules/@unrs/resolver-binding-linux-ppc64-gnu Completed in 20ms
193 timing reifyNode:node_modules/@unrs/resolver-binding-linux-arm64-musl Completed in 21ms
194 timing reifyNode:node_modules/@unrs/resolver-binding-linux-arm64-gnu Completed in 21ms
195 timing reifyNode:node_modules/@unrs/resolver-binding-linux-arm-musleabihf Completed in 21ms
196 timing reifyNode:node_modules/@unrs/resolver-binding-linux-arm-gnueabihf Completed in 20ms
197 timing reifyNode:node_modules/@unrs/resolver-binding-freebsd-x64 Completed in 20ms
198 timing reifyNode:node_modules/@unrs/resolver-binding-darwin-x64 Completed in 20ms
199 timing reifyNode:node_modules/@unrs/resolver-binding-darwin-arm64 Completed in 20ms
200 timing reifyNode:node_modules/@unrs/resolver-binding-android-arm64 Completed in 20ms
201 timing reifyNode:node_modules/@unrs/resolver-binding-android-arm-eabi Completed in 20ms
202 timing reifyNode:node_modules/@tailwindcss/oxide-win32-x64-msvc Completed in 21ms
203 timing reifyNode:node_modules/@tailwindcss/oxide-win32-arm64-msvc Completed in 21ms
204 timing reifyNode:node_modules/@tailwindcss/oxide-linux-arm64-musl Completed in 21ms
205 timing reifyNode:node_modules/@tailwindcss/oxide-linux-arm64-gnu Completed in 21ms
206 timing reifyNode:node_modules/@tailwindcss/oxide-linux-arm-gnueabihf Completed in 21ms
207 timing reifyNode:node_modules/@tailwindcss/oxide-freebsd-x64 Completed in 21ms
208 timing reifyNode:node_modules/@tailwindcss/oxide-darwin-x64 Completed in 21ms
209 timing reifyNode:node_modules/@tailwindcss/oxide-darwin-arm64 Completed in 21ms
210 timing reifyNode:node_modules/@tailwindcss/oxide-android-arm64 Completed in 21ms
211 timing reifyNode:node_modules/@next/swc-win32-x64-msvc Completed in 21ms
212 timing reifyNode:node_modules/@next/swc-win32-arm64-msvc Completed in 21ms
213 timing reifyNode:node_modules/@next/swc-linux-arm64-musl Completed in 21ms
214 timing reifyNode:node_modules/@next/swc-linux-arm64-gnu Completed in 21ms
215 timing reifyNode:node_modules/@next/swc-darwin-x64 Completed in 22ms
216 timing reifyNode:node_modules/@next/swc-darwin-arm64 Completed in 22ms
217 timing reifyNode:node_modules/@img/sharp-win32-x64 Completed in 22ms
218 timing reifyNode:node_modules/@img/sharp-win32-ia32 Completed in 21ms
219 timing reifyNode:node_modules/@img/sharp-win32-arm64 Completed in 21ms
220 timing reifyNode:node_modules/@img/sharp-wasm32 Completed in 21ms
221 timing reifyNode:node_modules/@img/sharp-linuxmusl-arm64 Completed in 21ms
222 timing reifyNode:node_modules/@img/sharp-linux-s390x Completed in 21ms
223 timing reifyNode:node_modules/@img/sharp-linux-arm64 Completed in 21ms
224 timing reifyNode:node_modules/@img/sharp-linux-arm Completed in 21ms
225 timing reifyNode:node_modules/@img/sharp-libvips-linuxmusl-arm64 Completed in 21ms
226 timing reifyNode:node_modules/@img/sharp-libvips-linux-s390x Completed in 21ms
227 timing reifyNode:node_modules/@img/sharp-libvips-linux-ppc64 Completed in 21ms
228 timing reifyNode:node_modules/@img/sharp-libvips-linux-arm64 Completed in 21ms
229 timing reifyNode:node_modules/@img/sharp-libvips-linux-arm Completed in 21ms
230 timing reifyNode:node_modules/@img/sharp-libvips-darwin-x64 Completed in 21ms
231 timing reifyNode:node_modules/@img/sharp-libvips-darwin-arm64 Completed in 21ms
232 timing reifyNode:node_modules/@img/sharp-darwin-x64 Completed in 21ms
233 timing reifyNode:node_modules/@img/sharp-darwin-arm64 Completed in 21ms
234 silly tarball no local data for qs@https://registry.npmjs.org/qs/-/qs-6.14.0.tgz. Extracting by manifest.
235 silly tarball no local data for stripe@https://registry.npmjs.org/stripe/-/stripe-18.4.0.tgz. Extracting by manifest.
236 http fetch POST 200 https://registry.npmjs.org/-/npm/v1/security/advisories/bulk 88ms
237 timing auditReport:getReport Completed in 101ms
238 silly audit report {
238 silly audit report   '@eslint/plugin-kit': [
238 silly audit report     {
238 silly audit report       id: 1106734,
238 silly audit report       url: 'https://github.com/advisories/GHSA-xffm-g5w8-qvg7',
238 silly audit report       title: '@eslint/plugin-kit is vulnerable to Regular Expression Denial of Service attacks through ConfigCommentParser',
238 silly audit report       severity: 'low',
238 silly audit report       vulnerable_versions: '<0.3.4',
238 silly audit report       cwe: [Array],
238 silly audit report       cvss: [Object]
238 silly audit report     }
238 silly audit report   ]
238 silly audit report }
239 timing metavuln:cache:get:security-advisory:@eslint/plugin-kit:Egj35pPDD9KaAsUjRiWQATc9qSVsei0WPmPqc9DjkQ6BkvUq5FwZRzXKmN1T+9jCN25OCyk3XfG0up3sW7Hyow== Completed in 4ms
240 http fetch GET 200 https://registry.npmjs.org/@eslint%2fplugin-kit 87ms (cache revalidated)
241 timing metavuln:packument:@eslint/plugin-kit Completed in 88ms
242 timing metavuln:load:security-advisory:@eslint/plugin-kit:1106734 Completed in 1ms
243 timing metavuln:calculate:security-advisory:@eslint/plugin-kit:1106734 Completed in 90ms
244 timing metavuln:cache:get:security-advisory:eslint:jNQVmHcncjiQ4MkS1eaCqmHRI8qu5XPco+LbcE9+5EAEn7byCi2N6alSpBXA+fBQss6pFbzG/9VKcw8Ep9A2Wg== Completed in 9ms
245 http fetch GET 200 https://registry.npmjs.org/qs/-/qs-6.14.0.tgz 187ms (cache miss)
246 timing reifyNode:node_modules/qs Completed in 222ms
247 http fetch GET 200 https://registry.npmjs.org/eslint 64ms (cache revalidated)
248 timing metavuln:packument:eslint Completed in 81ms
249 timing metavuln:load:security-advisory:eslint:Egj35pPDD9KaAsUjRiWQATc9qSVsei0WPmPqc9DjkQ6BkvUq5FwZRzXKmN1T+9jCN25OCyk3XfG0up3sW7Hyow== Completed in 2ms
250 timing metavuln:calculate:security-advisory:eslint:Egj35pPDD9KaAsUjRiWQATc9qSVsei0WPmPqc9DjkQ6BkvUq5FwZRzXKmN1T+9jCN25OCyk3XfG0up3sW7Hyow== Completed in 83ms
251 timing auditReport:init Completed in 175ms
252 timing reify:audit Completed in 278ms
253 http fetch GET 200 https://registry.npmjs.org/stripe/-/stripe-18.4.0.tgz 552ms (cache miss)
254 timing reifyNode:node_modules/stripe Completed in 589ms
255 timing reify:unpack Completed in 589ms
256 timing reify:unretire Completed in 0ms
257 timing build:queue Completed in 4ms
258 timing build:deps Completed in 4ms
259 timing build Completed in 5ms
260 timing reify:build Completed in 5ms
261 timing reify:trash Completed in 4ms
262 timing reify:save Completed in 206ms
263 timing reify Completed in 2419ms
264 silly ADD node_modules/qs
265 silly ADD node_modules/stripe
266 silly ADD
267 silly ADD
268 silly ADD
269 silly ADD
270 silly ADD
271 silly ADD
272 silly ADD
273 silly ADD
274 silly ADD
275 silly ADD
276 silly ADD
277 silly ADD
278 silly ADD
279 silly ADD
280 silly ADD
281 silly ADD
282 silly ADD
283 silly ADD
284 silly ADD
285 silly ADD
286 silly ADD
287 silly ADD
288 silly ADD
289 silly ADD
290 silly ADD
291 silly ADD
292 silly ADD
293 silly ADD
294 silly ADD
295 silly ADD
296 silly ADD
297 silly ADD
298 silly ADD
299 silly ADD
300 silly ADD
301 silly ADD
302 silly ADD
303 silly ADD
304 silly ADD
305 silly ADD
306 silly ADD
307 silly ADD
308 silly ADD
309 silly ADD
310 silly ADD
311 silly ADD
312 silly ADD
313 silly ADD
314 silly ADD
315 silly ADD
316 silly ADD
317 silly ADD
318 silly ADD
319 silly ADD
320 silly ADD
321 silly ADD
322 silly ADD
323 silly ADD
324 timing command:install Completed in 2437ms
325 verbose exit 0
326 timing npm Completed in 2681ms
327 info ok
