0 verbose cli /usr/local/bin/node /usr/local/lib/node_modules/npm/bin/npm-cli.js
1 info using npm@10.5.0
2 info using node@v21.7.3
3 timing npm:load:whichnode Completed in 1ms
4 timing config:load:defaults Completed in 2ms
5 timing config:load:file:/usr/local/lib/node_modules/npm/npmrc Completed in 1ms
6 timing config:load:builtin Completed in 1ms
7 timing config:load:cli Completed in 3ms
8 timing config:load:env Completed in 0ms
9 timing config:load:project Completed in 2ms
10 timing config:load:file:/home/user/.npmrc Completed in 0ms
11 timing config:load:user Completed in 0ms
12 timing config:load:file:/usr/local/etc/npmrc Completed in 0ms
13 timing config:load:global Completed in 0ms
14 timing config:load:setEnvs Completed in 1ms
15 timing config:load Completed in 11ms
16 timing npm:load:configload Completed in 11ms
17 timing config:load:flatten Completed in 4ms
18 timing npm:load:mkdirpcache Completed in 1ms
19 timing npm:load:mkdirplogs Completed in 1ms
20 verbose title npm exec depcheck --json --specials=typescript
21 verbose argv "exec" "--yes" "--" "depcheck" "--json" "--specials=typescript"
22 timing npm:load:setTitle Completed in 1ms
23 timing npm:load:display Completed in 1ms
24 verbose logfile logs-max:10 dir:/home/user/.npm/_logs/2025-08-20T09_43_53_284Z-
25 verbose logfile /home/user/.npm/_logs/2025-08-20T09_43_53_284Z-debug-0.log
26 timing npm:load:logFile Completed in 10ms
27 timing npm:load:timers Completed in 0ms
28 timing npm:load:configScope Completed in 1ms
29 timing npm:load Completed in 59ms
30 silly logfile done cleaning log files
31 timing arborist:ctor Completed in 1ms
32 timing arborist:ctor Completed in 0ms
33 http fetch GET 200 https://registry.npmjs.org/depcheck 177ms (cache miss)
34 timing arborist:ctor Completed in 0ms
35 timing arborist:ctor Completed in 0ms
36 timing arborist:ctor Completed in 0ms
37 timing idealTree:init Completed in 4ms
38 timing idealTree:userRequests Completed in 1ms
39 silly idealTree buildDeps
40 silly fetch manifest depcheck@1.4.7
41 http fetch GET 200 https://registry.npmjs.org/depcheck 50ms (cache miss)
42 silly placeDep ROOT depcheck@1.4.7 OK for:  want: 1.4.7
43 silly fetch manifest debug@^4.3.4
44 http fetch GET 200 https://registry.npmjs.org/debug 54ms (cache miss)
45 silly fetch manifest json5@^2.2.3
46 http fetch GET 200 https://registry.npmjs.org/json5 39ms (cache miss)
47 silly fetch manifest yargs@^16.2.0
48 http fetch GET 200 https://registry.npmjs.org/yargs 72ms (cache miss)
49 silly fetch manifest ignore@^5.2.4
50 http fetch GET 200 https://registry.npmjs.org/ignore 45ms (cache miss)
51 silly fetch manifest lodash@^4.17.21
52 http fetch GET 200 https://registry.npmjs.org/lodash 45ms (cache miss)
53 silly fetch manifest semver@^7.5.4
54 http fetch GET 200 https://registry.npmjs.org/semver 48ms (cache miss)
55 silly fetch manifest js-yaml@^3.14.1
56 http fetch GET 200 https://registry.npmjs.org/js-yaml 46ms (cache miss)
57 silly fetch manifest resolve@^1.22.3
58 http fetch GET 200 https://registry.npmjs.org/resolve 44ms (cache miss)
59 silly fetch manifest callsite@^1.0.0
60 http fetch GET 200 https://registry.npmjs.org/callsite 43ms (cache miss)
61 silly fetch manifest readdirp@^3.6.0
62 http fetch GET 200 https://registry.npmjs.org/readdirp 41ms (cache miss)
63 silly fetch manifest camelcase@^6.3.0
64 http fetch GET 200 https://registry.npmjs.org/camelcase 59ms (cache miss)
65 silly fetch manifest minimatch@^7.4.6
66 http fetch GET 200 https://registry.npmjs.org/minimatch 43ms (cache miss)
67 silly fetch manifest deps-regex@^0.2.0
68 http fetch GET 200 https://registry.npmjs.org/deps-regex 39ms (cache miss)
69 silly fetch manifest multimatch@^5.0.0
70 http fetch GET 200 https://registry.npmjs.org/multimatch 35ms (cache miss)
71 silly fetch manifest cosmiconfig@^7.1.0
72 http fetch GET 200 https://registry.npmjs.org/cosmiconfig 46ms (cache miss)
73 silly fetch manifest findup-sync@^5.0.0
74 http fetch GET 200 https://registry.npmjs.org/findup-sync 41ms (cache miss)
75 silly fetch manifest resolve-from@^5.0.0
76 http fetch GET 200 https://registry.npmjs.org/resolve-from 37ms (cache miss)
77 silly fetch manifest @babel/parser@^7.23.0
78 http fetch GET 200 https://registry.npmjs.org/@babel%2fparser 68ms (cache miss)
79 silly fetch manifest is-core-module@^2.12.0
80 http fetch GET 200 https://registry.npmjs.org/is-core-module 38ms (cache miss)
81 silly fetch manifest @babel/traverse@^7.23.2
82 http fetch GET 200 https://registry.npmjs.org/@babel%2ftraverse 60ms (cache miss)
83 silly fetch manifest @vue/compiler-sfc@^3.3.4
84 http fetch GET 200 https://registry.npmjs.org/@vue%2fcompiler-sfc 88ms (cache miss)
85 silly fetch manifest please-upgrade-node@^3.2.0
86 http fetch GET 200 https://registry.npmjs.org/please-upgrade-node 168ms (cache miss)
87 silly fetch manifest require-package-name@^2.0.1
88 http fetch GET 200 https://registry.npmjs.org/require-package-name 38ms (cache miss)
89 timing idealTree:#root Completed in 1447ms
90 silly placeDep ROOT @babel/parser@7.28.3 OK for: depcheck@1.4.7 want: ^7.23.0
91 silly placeDep ROOT @babel/traverse@7.28.3 OK for: depcheck@1.4.7 want: ^7.23.2
92 silly placeDep ROOT @vue/compiler-sfc@3.5.18 OK for: depcheck@1.4.7 want: ^3.3.4
93 silly placeDep ROOT callsite@1.0.0 OK for: depcheck@1.4.7 want: ^1.0.0
94 silly placeDep ROOT camelcase@6.3.0 OK for: depcheck@1.4.7 want: ^6.3.0
95 silly placeDep ROOT cosmiconfig@7.1.0 OK for: depcheck@1.4.7 want: ^7.1.0
96 silly placeDep ROOT debug@4.4.1 OK for: depcheck@1.4.7 want: ^4.3.4
97 silly placeDep ROOT deps-regex@0.2.0 OK for: depcheck@1.4.7 want: ^0.2.0
98 silly placeDep ROOT findup-sync@5.0.0 OK for: depcheck@1.4.7 want: ^5.0.0
99 silly placeDep ROOT ignore@5.3.2 OK for: depcheck@1.4.7 want: ^5.2.4
100 silly placeDep ROOT is-core-module@2.16.1 OK for: depcheck@1.4.7 want: ^2.12.0
101 silly placeDep ROOT js-yaml@3.14.1 OK for: depcheck@1.4.7 want: ^3.14.1
102 silly placeDep ROOT json5@2.2.3 OK for: depcheck@1.4.7 want: ^2.2.3
103 silly placeDep ROOT lodash@4.17.21 OK for: depcheck@1.4.7 want: ^4.17.21
104 silly placeDep ROOT minimatch@7.4.6 OK for: depcheck@1.4.7 want: ^7.4.6
105 silly placeDep ROOT multimatch@5.0.0 OK for: depcheck@1.4.7 want: ^5.0.0
106 silly placeDep ROOT please-upgrade-node@3.2.0 OK for: depcheck@1.4.7 want: ^3.2.0
107 silly placeDep ROOT readdirp@3.6.0 OK for: depcheck@1.4.7 want: ^3.6.0
108 silly placeDep ROOT require-package-name@2.0.1 OK for: depcheck@1.4.7 want: ^2.0.1
109 silly placeDep ROOT resolve@1.22.10 OK for: depcheck@1.4.7 want: ^1.22.3
110 silly placeDep ROOT resolve-from@5.0.0 OK for: depcheck@1.4.7 want: ^5.0.0
111 silly placeDep ROOT semver@7.7.2 OK for: depcheck@1.4.7 want: ^7.5.4
112 silly placeDep ROOT yargs@16.2.0 OK for: depcheck@1.4.7 want: ^16.2.0
113 silly fetch manifest @babel/types@^7.28.2
114 http fetch GET 200 https://registry.npmjs.org/@babel%2ftypes 64ms (cache miss)
115 silly fetch manifest @babel/code-frame@^7.27.1
116 http fetch GET 200 https://registry.npmjs.org/@babel%2fcode-frame 59ms (cache miss)
117 silly fetch manifest @babel/generator@^7.28.3
118 http fetch GET 200 https://registry.npmjs.org/@babel%2fgenerator 58ms (cache miss)
119 silly fetch manifest @babel/helper-globals@^7.28.0
120 http fetch GET 200 https://registry.npmjs.org/@babel%2fhelper-globals 42ms (cache miss)
121 silly fetch manifest @babel/template@^7.27.2
122 http fetch GET 200 https://registry.npmjs.org/@babel%2ftemplate 50ms (cache miss)
123 silly fetch manifest debug@^4.3.1
124 silly fetch manifest estree-walker@^2.0.2
125 http fetch GET 200 https://registry.npmjs.org/estree-walker 39ms (cache miss)
126 silly fetch manifest magic-string@^0.30.17
127 http fetch GET 200 https://registry.npmjs.org/magic-string 41ms (cache miss)
128 silly fetch manifest postcss@^8.5.6
129 http fetch GET 200 https://registry.npmjs.org/postcss 84ms (cache miss)
130 silly fetch manifest source-map-js@^1.2.1
131 http fetch GET 200 https://registry.npmjs.org/source-map-js 38ms (cache miss)
132 silly fetch manifest @vue/compiler-dom@3.5.18
133 http fetch GET 200 https://registry.npmjs.org/@vue%2fcompiler-dom 117ms (cache miss)
134 silly fetch manifest @vue/compiler-ssr@3.5.18
135 http fetch GET 200 https://registry.npmjs.org/@vue%2fcompiler-ssr 72ms (cache miss)
136 silly fetch manifest @vue/shared@3.5.18
137 http fetch GET 200 https://registry.npmjs.org/@vue%2fshared 76ms (cache miss)
138 silly fetch manifest @vue/compiler-core@3.5.18
139 http fetch GET 200 https://registry.npmjs.org/@vue%2fcompiler-core 70ms (cache miss)
140 silly fetch manifest @types/parse-json@^4.0.0
141 http fetch GET 200 https://registry.npmjs.org/@types%2fparse-json 57ms (cache miss)
142 silly fetch manifest import-fresh@^3.2.1
143 http fetch GET 200 https://registry.npmjs.org/import-fresh 46ms (cache miss)
144 silly fetch manifest parse-json@^5.0.0
145 http fetch GET 200 https://registry.npmjs.org/parse-json 37ms (cache miss)
146 silly fetch manifest path-type@^4.0.0
147 http fetch GET 200 https://registry.npmjs.org/path-type 34ms (cache miss)
148 silly fetch manifest yaml@^1.10.0
149 http fetch GET 200 https://registry.npmjs.org/yaml 47ms (cache miss)
150 silly fetch manifest ms@^2.1.3
151 http fetch GET 200 https://registry.npmjs.org/ms 36ms (cache miss)
152 silly fetch manifest detect-file@^1.0.0
153 http fetch GET 200 https://registry.npmjs.org/detect-file 42ms (cache miss)
154 silly fetch manifest is-glob@^4.0.3
155 http fetch GET 200 https://registry.npmjs.org/is-glob 34ms (cache miss)
156 silly fetch manifest micromatch@^4.0.4
157 http fetch GET 200 https://registry.npmjs.org/micromatch 40ms (cache miss)
158 silly fetch manifest resolve-dir@^1.0.1
159 http fetch GET 200 https://registry.npmjs.org/resolve-dir 57ms (cache miss)
160 silly fetch manifest hasown@^2.0.2
161 http fetch GET 200 https://registry.npmjs.org/hasown 42ms (cache miss)
162 silly fetch manifest argparse@^1.0.7
163 http fetch GET 200 https://registry.npmjs.org/argparse 36ms (cache miss)
164 silly fetch manifest esprima@^4.0.0
165 http fetch GET 200 https://registry.npmjs.org/esprima 40ms (cache miss)
166 silly fetch manifest brace-expansion@^2.0.1
167 http fetch GET 200 https://registry.npmjs.org/brace-expansion 43ms (cache miss)
168 silly fetch manifest @types/minimatch@^3.0.3
169 http fetch GET 200 https://registry.npmjs.org/@types%2fminimatch 68ms (cache miss)
170 silly fetch manifest array-differ@^3.0.0
171 http fetch GET 200 https://registry.npmjs.org/array-differ 44ms (cache miss)
172 silly fetch manifest array-union@^2.1.0
173 http fetch GET 200 https://registry.npmjs.org/array-union 34ms (cache miss)
174 silly fetch manifest arrify@^2.0.1
175 http fetch GET 200 https://registry.npmjs.org/arrify 42ms (cache miss)
176 silly fetch manifest minimatch@^3.0.4
177 silly fetch manifest semver-compare@^1.0.0
178 http fetch GET 200 https://registry.npmjs.org/semver-compare 34ms (cache miss)
179 silly fetch manifest picomatch@^2.2.1
180 http fetch GET 200 https://registry.npmjs.org/picomatch 46ms (cache miss)
181 silly fetch manifest path-parse@^1.0.7
182 http fetch GET 200 https://registry.npmjs.org/path-parse 40ms (cache miss)
183 silly fetch manifest supports-preserve-symlinks-flag@^1.0.0
184 http fetch GET 200 https://registry.npmjs.org/supports-preserve-symlinks-flag 36ms (cache miss)
185 silly fetch manifest y18n@^5.0.5
186 http fetch GET 200 https://registry.npmjs.org/y18n 39ms (cache miss)
187 silly fetch manifest cliui@^7.0.2
188 http fetch GET 200 https://registry.npmjs.org/cliui 35ms (cache miss)
189 silly fetch manifest escalade@^3.1.1
190 http fetch GET 200 https://registry.npmjs.org/escalade 33ms (cache miss)
191 silly fetch manifest string-width@^4.2.0
192 http fetch GET 200 https://registry.npmjs.org/string-width 40ms (cache miss)
193 silly fetch manifest yargs-parser@^20.2.2
194 http fetch GET 200 https://registry.npmjs.org/yargs-parser 39ms (cache miss)
195 silly fetch manifest get-caller-file@^2.0.5
196 http fetch GET 200 https://registry.npmjs.org/get-caller-file 35ms (cache miss)
197 silly fetch manifest require-directory@^2.1.1
198 http fetch GET 200 https://registry.npmjs.org/require-directory 46ms (cache miss)
199 timing idealTree:node_modules/depcheck Completed in 2229ms
200 silly placeDep ROOT @babel/types@7.28.2 OK for: @babel/parser@7.28.3 want: ^7.28.2
201 silly fetch manifest @babel/helper-string-parser@^7.27.1
202 http fetch GET 200 https://registry.npmjs.org/@babel%2fhelper-string-parser 47ms (cache miss)
203 silly fetch manifest @babel/helper-validator-identifier@^7.27.1
204 http fetch GET 200 https://registry.npmjs.org/@babel%2fhelper-validator-identifier 50ms (cache miss)
205 timing idealTree:node_modules/@babel/parser Completed in 103ms
206 silly placeDep ROOT @babel/code-frame@7.27.1 OK for: @babel/traverse@7.28.3 want: ^7.27.1
207 silly placeDep ROOT @babel/generator@7.28.3 OK for: @babel/traverse@7.28.3 want: ^7.28.3
208 silly placeDep ROOT @babel/helper-globals@7.28.0 OK for: @babel/traverse@7.28.3 want: ^7.28.0
209 silly placeDep ROOT @babel/template@7.27.2 OK for: @babel/traverse@7.28.3 want: ^7.27.2
210 silly fetch manifest js-tokens@^4.0.0
211 http fetch GET 200 https://registry.npmjs.org/js-tokens 36ms (cache miss)
212 silly fetch manifest picocolors@^1.1.1
213 http fetch GET 200 https://registry.npmjs.org/picocolors 36ms (cache miss)
214 silly fetch manifest @jridgewell/gen-mapping@^0.3.12
215 http fetch GET 200 https://registry.npmjs.org/@jridgewell%2fgen-mapping 92ms (cache miss)
216 silly fetch manifest @jridgewell/trace-mapping@^0.3.28
217 http fetch GET 200 https://registry.npmjs.org/@jridgewell%2ftrace-mapping 62ms (cache miss)
218 silly fetch manifest jsesc@^3.0.2
219 http fetch GET 200 https://registry.npmjs.org/jsesc 44ms (cache miss)
220 timing idealTree:node_modules/@babel/traverse Completed in 288ms
221 silly placeDep ROOT @babel/helper-validator-identifier@7.27.1 OK for: @babel/code-frame@7.27.1 want: ^7.27.1
222 silly placeDep ROOT js-tokens@4.0.0 OK for: @babel/code-frame@7.27.1 want: ^4.0.0
223 silly placeDep ROOT picocolors@1.1.1 OK for: @babel/code-frame@7.27.1 want: ^1.1.1
224 timing idealTree:node_modules/@babel/code-frame Completed in 4ms
225 silly placeDep ROOT @jridgewell/gen-mapping@0.3.13 OK for: @babel/generator@7.28.3 want: ^0.3.12
226 silly placeDep ROOT @jridgewell/trace-mapping@0.3.30 OK for: @babel/generator@7.28.3 want: ^0.3.28
227 silly placeDep ROOT jsesc@3.1.0 OK for: @babel/generator@7.28.3 want: ^3.0.2
228 silly fetch manifest @jridgewell/sourcemap-codec@^1.5.0
229 http fetch GET 200 https://registry.npmjs.org/@jridgewell%2fsourcemap-codec 65ms (cache miss)
230 silly fetch manifest @jridgewell/trace-mapping@^0.3.24
231 silly fetch manifest @jridgewell/resolve-uri@^3.1.0
232 http fetch GET 200 https://registry.npmjs.org/@jridgewell%2fresolve-uri 52ms (cache miss)
233 silly fetch manifest @jridgewell/sourcemap-codec@^1.4.14
234 timing idealTree:node_modules/@babel/generator Completed in 126ms
235 timing idealTree:node_modules/@babel/helper-globals Completed in 0ms
236 timing idealTree:node_modules/@babel/helper-validator-identifier Completed in 0ms
237 timing idealTree:node_modules/@babel/template Completed in 0ms
238 silly placeDep ROOT @babel/helper-string-parser@7.27.1 OK for: @babel/types@7.28.2 want: ^7.27.1
239 timing idealTree:node_modules/@babel/types Completed in 7ms
240 timing idealTree:node_modules/@babel/helper-string-parser Completed in 0ms
241 silly placeDep ROOT @jridgewell/sourcemap-codec@1.5.5 OK for: @jridgewell/gen-mapping@0.3.13 want: ^1.5.0
242 timing idealTree:node_modules/@jridgewell/gen-mapping Completed in 2ms
243 timing idealTree:node_modules/@jridgewell/sourcemap-codec Completed in 0ms
244 silly placeDep ROOT @jridgewell/resolve-uri@3.1.2 OK for: @jridgewell/trace-mapping@0.3.30 want: ^3.1.0
245 timing idealTree:node_modules/@jridgewell/trace-mapping Completed in 2ms
246 timing idealTree:node_modules/@jridgewell/resolve-uri Completed in 0ms
247 silly placeDep ROOT @vue/compiler-core@3.5.18 OK for: @vue/compiler-sfc@3.5.18 want: 3.5.18
248 silly placeDep ROOT @vue/compiler-dom@3.5.18 OK for: @vue/compiler-sfc@3.5.18 want: 3.5.18
249 silly placeDep ROOT @vue/compiler-ssr@3.5.18 OK for: @vue/compiler-sfc@3.5.18 want: 3.5.18
250 silly placeDep ROOT @vue/shared@3.5.18 OK for: @vue/compiler-sfc@3.5.18 want: 3.5.18
251 silly placeDep ROOT estree-walker@2.0.2 OK for: @vue/compiler-sfc@3.5.18 want: ^2.0.2
252 silly placeDep ROOT magic-string@0.30.17 OK for: @vue/compiler-sfc@3.5.18 want: ^0.30.17
253 silly placeDep ROOT postcss@8.5.6 OK for: @vue/compiler-sfc@3.5.18 want: ^8.5.6
254 silly placeDep ROOT source-map-js@1.2.1 OK for: @vue/compiler-sfc@3.5.18 want: ^1.2.1
255 silly fetch manifest entities@^4.5.0
256 http fetch GET 200 https://registry.npmjs.org/entities 35ms (cache miss)
257 silly fetch manifest nanoid@^3.3.11
258 http fetch GET 200 https://registry.npmjs.org/nanoid 37ms (cache miss)
259 timing idealTree:node_modules/@vue/compiler-sfc Completed in 95ms
260 silly placeDep ROOT entities@4.5.0 OK for: @vue/compiler-core@3.5.18 want: ^4.5.0
261 timing idealTree:node_modules/@vue/compiler-core Completed in 2ms
262 timing idealTree:node_modules/@vue/compiler-dom Completed in 0ms
263 timing idealTree:node_modules/@vue/compiler-ssr Completed in 0ms
264 timing idealTree:node_modules/@vue/shared Completed in 0ms
265 timing idealTree:node_modules/callsite Completed in 0ms
266 timing idealTree:node_modules/camelcase Completed in 0ms
267 silly placeDep ROOT @types/parse-json@4.0.2 OK for: cosmiconfig@7.1.0 want: ^4.0.0
268 silly placeDep ROOT import-fresh@3.3.1 OK for: cosmiconfig@7.1.0 want: ^3.2.1
269 silly placeDep ROOT parse-json@5.2.0 OK for: cosmiconfig@7.1.0 want: ^5.0.0
270 silly placeDep ROOT path-type@4.0.0 OK for: cosmiconfig@7.1.0 want: ^4.0.0
271 silly placeDep ROOT yaml@1.10.2 OK for: cosmiconfig@7.1.0 want: ^1.10.0
272 silly fetch manifest parent-module@^1.0.0
273 http fetch GET 200 https://registry.npmjs.org/parent-module 42ms (cache miss)
274 silly fetch manifest resolve-from@^4.0.0
275 silly fetch manifest error-ex@^1.3.1
276 http fetch GET 200 https://registry.npmjs.org/error-ex 36ms (cache miss)
277 silly fetch manifest lines-and-columns@^1.1.6
278 http fetch GET 200 https://registry.npmjs.org/lines-and-columns 35ms (cache miss)
279 silly fetch manifest json-parse-even-better-errors@^2.3.0
280 http fetch GET 200 https://registry.npmjs.org/json-parse-even-better-errors 46ms (cache miss)
281 timing idealTree:node_modules/cosmiconfig Completed in 178ms
282 timing idealTree:node_modules/@types/parse-json Completed in 0ms
283 silly placeDep ROOT ms@2.1.3 OK for: debug@4.4.1 want: ^2.1.3
284 timing idealTree:node_modules/debug Completed in 2ms
285 timing idealTree:node_modules/deps-regex Completed in 0ms
286 timing idealTree:node_modules/entities Completed in 0ms
287 timing idealTree:node_modules/estree-walker Completed in 0ms
288 silly placeDep ROOT detect-file@1.0.0 OK for: findup-sync@5.0.0 want: ^1.0.0
289 silly placeDep ROOT is-glob@4.0.3 OK for: findup-sync@5.0.0 want: ^4.0.3
290 silly placeDep ROOT micromatch@4.0.8 OK for: findup-sync@5.0.0 want: ^4.0.4
291 silly placeDep ROOT resolve-dir@1.0.1 OK for: findup-sync@5.0.0 want: ^1.0.1
292 silly fetch manifest is-extglob@^2.1.1
293 http fetch GET 200 https://registry.npmjs.org/is-extglob 35ms (cache miss)
294 silly fetch manifest braces@^3.0.3
295 http fetch GET 200 https://registry.npmjs.org/braces 43ms (cache miss)
296 silly fetch manifest picomatch@^2.3.1
297 silly fetch manifest expand-tilde@^2.0.0
298 http fetch GET 200 https://registry.npmjs.org/expand-tilde 35ms (cache miss)
299 silly fetch manifest global-modules@^1.0.0
300 http fetch GET 200 https://registry.npmjs.org/global-modules 32ms (cache miss)
301 timing idealTree:node_modules/findup-sync Completed in 163ms
302 timing idealTree:node_modules/detect-file Completed in 0ms
303 timing idealTree:node_modules/ignore Completed in 0ms
304 silly placeDep ROOT parent-module@1.0.1 OK for: import-fresh@3.3.1 want: ^1.0.0
305 silly placeDep node_modules/import-fresh resolve-from@4.0.0 OK for: import-fresh@3.3.1 want: ^4.0.0
306 silly fetch manifest callsites@^3.0.0
307 http fetch GET 200 https://registry.npmjs.org/callsites 32ms (cache miss)
308 timing idealTree:node_modules/import-fresh Completed in 37ms
309 silly placeDep ROOT hasown@2.0.2 OK for: is-core-module@2.16.1 want: ^2.0.2
310 silly fetch manifest function-bind@^1.1.2
311 http fetch GET 200 https://registry.npmjs.org/function-bind 46ms (cache miss)
312 timing idealTree:node_modules/is-core-module Completed in 49ms
313 silly placeDep ROOT function-bind@1.1.2 OK for: hasown@2.0.2 want: ^1.1.2
314 timing idealTree:node_modules/hasown Completed in 2ms
315 timing idealTree:node_modules/function-bind Completed in 0ms
316 silly placeDep ROOT is-extglob@2.1.1 OK for: is-glob@4.0.3 want: ^2.1.1
317 timing idealTree:node_modules/is-glob Completed in 1ms
318 timing idealTree:node_modules/is-extglob Completed in 0ms
319 timing idealTree:node_modules/js-tokens Completed in 0ms
320 silly placeDep ROOT argparse@1.0.10 OK for: js-yaml@3.14.1 want: ^1.0.7
321 silly placeDep ROOT esprima@4.0.1 OK for: js-yaml@3.14.1 want: ^4.0.0
322 silly fetch manifest sprintf-js@~1.0.2
323 http fetch GET 200 https://registry.npmjs.org/sprintf-js 37ms (cache miss)
324 timing idealTree:node_modules/js-yaml Completed in 44ms
325 silly placeDep ROOT sprintf-js@1.0.3 OK for: argparse@1.0.10 want: ~1.0.2
326 timing idealTree:node_modules/argparse Completed in 2ms
327 timing idealTree:node_modules/esprima Completed in 0ms
328 timing idealTree:node_modules/jsesc Completed in 0ms
329 timing idealTree:node_modules/json5 Completed in 0ms
330 timing idealTree:node_modules/lodash Completed in 0ms
331 timing idealTree:node_modules/magic-string Completed in 0ms
332 silly placeDep ROOT braces@3.0.3 OK for: micromatch@4.0.8 want: ^3.0.3
333 silly placeDep ROOT picomatch@2.3.1 OK for: micromatch@4.0.8 want: ^2.3.1
334 silly fetch manifest fill-range@^7.1.1
335 http fetch GET 200 https://registry.npmjs.org/fill-range 36ms (cache miss)
336 timing idealTree:node_modules/micromatch Completed in 41ms
337 silly placeDep ROOT fill-range@7.1.1 OK for: braces@3.0.3 want: ^7.1.1
338 silly fetch manifest to-regex-range@^5.0.1
339 http fetch GET 200 https://registry.npmjs.org/to-regex-range 44ms (cache miss)
340 timing idealTree:node_modules/braces Completed in 48ms
341 silly placeDep ROOT to-regex-range@5.0.1 OK for: fill-range@7.1.1 want: ^5.0.1
342 silly fetch manifest is-number@^7.0.0
343 http fetch GET 200 https://registry.npmjs.org/is-number 33ms (cache miss)
344 timing idealTree:node_modules/fill-range Completed in 36ms
345 silly placeDep ROOT brace-expansion@2.0.2 OK for: minimatch@7.4.6 want: ^2.0.1
346 silly fetch manifest balanced-match@^1.0.0
347 http fetch GET 200 https://registry.npmjs.org/balanced-match 36ms (cache miss)
348 timing idealTree:node_modules/minimatch Completed in 40ms
349 silly placeDep ROOT balanced-match@1.0.2 OK for: brace-expansion@2.0.2 want: ^1.0.0
350 timing idealTree:node_modules/brace-expansion Completed in 1ms
351 timing idealTree:node_modules/balanced-match Completed in 1ms
352 timing idealTree:node_modules/ms Completed in 0ms
353 silly placeDep ROOT @types/minimatch@3.0.5 OK for: multimatch@5.0.0 want: ^3.0.3
354 silly placeDep ROOT array-differ@3.0.0 OK for: multimatch@5.0.0 want: ^3.0.0
355 silly placeDep ROOT array-union@2.1.0 OK for: multimatch@5.0.0 want: ^2.1.0
356 silly placeDep ROOT arrify@2.0.1 OK for: multimatch@5.0.0 want: ^2.0.1
357 silly placeDep node_modules/multimatch minimatch@3.1.2 OK for: multimatch@5.0.0 want: ^3.0.4
358 silly fetch manifest brace-expansion@^1.1.7
359 timing idealTree:node_modules/multimatch Completed in 8ms
360 timing idealTree:node_modules/@types/minimatch Completed in 0ms
361 timing idealTree:node_modules/array-differ Completed in 0ms
362 timing idealTree:node_modules/array-union Completed in 0ms
363 timing idealTree:node_modules/arrify Completed in 0ms
364 silly placeDep ROOT callsites@3.1.0 OK for: parent-module@1.0.1 want: ^3.0.0
365 timing idealTree:node_modules/parent-module Completed in 2ms
366 timing idealTree:node_modules/callsites Completed in 0ms
367 silly placeDep ROOT error-ex@1.3.2 OK for: parse-json@5.2.0 want: ^1.3.1
368 silly placeDep ROOT json-parse-even-better-errors@2.3.1 OK for: parse-json@5.2.0 want: ^2.3.0
369 silly placeDep ROOT lines-and-columns@1.2.4 OK for: parse-json@5.2.0 want: ^1.1.6
370 silly fetch manifest is-arrayish@^0.2.1
371 http fetch GET 200 https://registry.npmjs.org/is-arrayish 41ms (cache miss)
372 timing idealTree:node_modules/parse-json Completed in 46ms
373 silly placeDep ROOT is-arrayish@0.2.1 OK for: error-ex@1.3.2 want: ^0.2.1
374 timing idealTree:node_modules/error-ex Completed in 3ms
375 timing idealTree:node_modules/is-arrayish Completed in 0ms
376 timing idealTree:node_modules/json-parse-even-better-errors Completed in 0ms
377 timing idealTree:node_modules/lines-and-columns Completed in 0ms
378 timing idealTree:node_modules/path-type Completed in 0ms
379 timing idealTree:node_modules/picocolors Completed in 0ms
380 timing idealTree:node_modules/picomatch Completed in 0ms
381 silly placeDep ROOT semver-compare@1.0.0 OK for: please-upgrade-node@3.2.0 want: ^1.0.0
382 timing idealTree:node_modules/please-upgrade-node Completed in 2ms
383 silly placeDep ROOT nanoid@3.3.11 OK for: postcss@8.5.6 want: ^3.3.11
384 timing idealTree:node_modules/postcss Completed in 3ms
385 timing idealTree:node_modules/nanoid Completed in 0ms
386 timing idealTree:node_modules/readdirp Completed in 0ms
387 timing idealTree:node_modules/require-package-name Completed in 0ms
388 silly placeDep ROOT path-parse@1.0.7 OK for: resolve@1.22.10 want: ^1.0.7
389 silly placeDep ROOT supports-preserve-symlinks-flag@1.0.0 OK for: resolve@1.22.10 want: ^1.0.0
390 timing idealTree:node_modules/resolve Completed in 4ms
391 timing idealTree:node_modules/path-parse Completed in 0ms
392 silly placeDep ROOT expand-tilde@2.0.2 OK for: resolve-dir@1.0.1 want: ^2.0.0
393 silly placeDep ROOT global-modules@1.0.0 OK for: resolve-dir@1.0.1 want: ^1.0.0
394 silly fetch manifest homedir-polyfill@^1.0.1
395 http fetch GET 200 https://registry.npmjs.org/homedir-polyfill 41ms (cache miss)
396 silly fetch manifest global-prefix@^1.0.1
397 http fetch GET 200 https://registry.npmjs.org/global-prefix 119ms (cache miss)
398 silly fetch manifest is-windows@^1.0.1
399 http fetch GET 200 https://registry.npmjs.org/is-windows 35ms (cache miss)
400 timing idealTree:node_modules/resolve-dir Completed in 205ms
401 silly placeDep ROOT homedir-polyfill@1.0.3 OK for: expand-tilde@2.0.2 want: ^1.0.1
402 silly fetch manifest parse-passwd@^1.0.0
403 http fetch GET 200 https://registry.npmjs.org/parse-passwd 40ms (cache miss)
404 timing idealTree:node_modules/expand-tilde Completed in 43ms
405 silly placeDep ROOT global-prefix@1.0.2 OK for: global-modules@1.0.0 want: ^1.0.1
406 silly placeDep ROOT is-windows@1.0.2 OK for: global-modules@1.0.0 want: ^1.0.1
407 silly fetch manifest ini@^1.3.4
408 http fetch GET 200 https://registry.npmjs.org/ini 40ms (cache miss)
409 silly fetch manifest which@^1.2.14
410 http fetch GET 200 https://registry.npmjs.org/which 36ms (cache miss)
411 timing idealTree:node_modules/global-modules Completed in 87ms
412 silly placeDep ROOT ini@1.3.8 OK for: global-prefix@1.0.2 want: ^1.3.4
413 silly placeDep ROOT which@1.3.1 OK for: global-prefix@1.0.2 want: ^1.2.14
414 silly fetch manifest isexe@^2.0.0
415 http fetch GET 200 https://registry.npmjs.org/isexe 40ms (cache miss)
416 timing idealTree:node_modules/global-prefix Completed in 44ms
417 silly placeDep ROOT parse-passwd@1.0.0 OK for: homedir-polyfill@1.0.3 want: ^1.0.0
418 timing idealTree:node_modules/homedir-polyfill Completed in 3ms
419 timing idealTree:node_modules/ini Completed in 0ms
420 timing idealTree:node_modules/is-windows Completed in 0ms
421 timing idealTree:node_modules/parse-passwd Completed in 0ms
422 timing idealTree:node_modules/resolve-from Completed in 0ms
423 timing idealTree:node_modules/semver Completed in 0ms
424 timing idealTree:node_modules/semver-compare Completed in 0ms
425 timing idealTree:node_modules/source-map-js Completed in 0ms
426 timing idealTree:node_modules/sprintf-js Completed in 0ms
427 timing idealTree:node_modules/supports-preserve-symlinks-flag Completed in 0ms
428 silly placeDep ROOT is-number@7.0.0 OK for: to-regex-range@5.0.1 want: ^7.0.0
429 timing idealTree:node_modules/to-regex-range Completed in 3ms
430 timing idealTree:node_modules/is-number Completed in 0ms
431 silly placeDep ROOT isexe@2.0.0 OK for: which@1.3.1 want: ^2.0.0
432 timing idealTree:node_modules/which Completed in 2ms
433 timing idealTree:node_modules/isexe Completed in 0ms
434 timing idealTree:node_modules/yaml Completed in 0ms
435 silly placeDep ROOT cliui@7.0.4 OK for: yargs@16.2.0 want: ^7.0.2
436 silly placeDep ROOT escalade@3.2.0 OK for: yargs@16.2.0 want: ^3.1.1
437 silly placeDep ROOT get-caller-file@2.0.5 OK for: yargs@16.2.0 want: ^2.0.5
438 silly placeDep ROOT require-directory@2.1.1 OK for: yargs@16.2.0 want: ^2.1.1
439 silly placeDep ROOT string-width@4.2.3 OK for: yargs@16.2.0 want: ^4.2.0
440 silly placeDep ROOT y18n@5.0.8 OK for: yargs@16.2.0 want: ^5.0.5
441 silly placeDep ROOT yargs-parser@20.2.9 OK for: yargs@16.2.0 want: ^20.2.2
442 silly fetch manifest wrap-ansi@^7.0.0
443 http fetch GET 200 https://registry.npmjs.org/wrap-ansi 41ms (cache miss)
444 silly fetch manifest strip-ansi@^6.0.0
445 http fetch GET 200 https://registry.npmjs.org/strip-ansi 38ms (cache miss)
446 silly fetch manifest strip-ansi@^6.0.1
447 silly fetch manifest emoji-regex@^8.0.0
448 http fetch GET 200 https://registry.npmjs.org/emoji-regex 41ms (cache miss)
449 silly fetch manifest is-fullwidth-code-point@^3.0.0
450 http fetch GET 200 https://registry.npmjs.org/is-fullwidth-code-point 40ms (cache miss)
451 timing idealTree:node_modules/yargs Completed in 186ms
452 silly placeDep ROOT strip-ansi@6.0.1 OK for: cliui@7.0.4 want: ^6.0.0
453 silly placeDep ROOT wrap-ansi@7.0.0 OK for: cliui@7.0.4 want: ^7.0.0
454 silly fetch manifest ansi-regex@^5.0.1
455 http fetch GET 200 https://registry.npmjs.org/ansi-regex 36ms (cache miss)
456 silly fetch manifest ansi-styles@^4.0.0
457 http fetch GET 200 https://registry.npmjs.org/ansi-styles 39ms (cache miss)
458 timing idealTree:node_modules/cliui Completed in 86ms
459 timing idealTree:node_modules/escalade Completed in 0ms
460 timing idealTree:node_modules/get-caller-file Completed in 1ms
461 timing idealTree:node_modules/require-directory Completed in 0ms
462 silly placeDep ROOT emoji-regex@8.0.0 OK for: string-width@4.2.3 want: ^8.0.0
463 silly placeDep ROOT is-fullwidth-code-point@3.0.0 OK for: string-width@4.2.3 want: ^3.0.0
464 timing idealTree:node_modules/string-width Completed in 4ms
465 timing idealTree:node_modules/emoji-regex Completed in 0ms
466 timing idealTree:node_modules/is-fullwidth-code-point Completed in 0ms
467 silly placeDep ROOT ansi-regex@5.0.1 OK for: strip-ansi@6.0.1 want: ^5.0.1
468 timing idealTree:node_modules/strip-ansi Completed in 2ms
469 timing idealTree:node_modules/ansi-regex Completed in 0ms
470 silly placeDep ROOT ansi-styles@4.3.0 OK for: wrap-ansi@7.0.0 want: ^4.0.0
471 silly fetch manifest color-convert@^2.0.1
472 http fetch GET 200 https://registry.npmjs.org/color-convert 39ms (cache miss)
473 timing idealTree:node_modules/wrap-ansi Completed in 43ms
474 silly placeDep ROOT color-convert@2.0.1 OK for: ansi-styles@4.3.0 want: ^2.0.1
475 silly fetch manifest color-name@~1.1.4
476 http fetch GET 200 https://registry.npmjs.org/color-name 39ms (cache miss)
477 timing idealTree:node_modules/ansi-styles Completed in 43ms
478 silly placeDep ROOT color-name@1.1.4 OK for: color-convert@2.0.1 want: ~1.1.4
479 timing idealTree:node_modules/color-convert Completed in 3ms
480 timing idealTree:node_modules/color-name Completed in 0ms
481 timing idealTree:node_modules/y18n Completed in 0ms
482 timing idealTree:node_modules/yargs-parser Completed in 0ms
483 timing idealTree:node_modules/import-fresh/node_modules/resolve-from Completed in 0ms
484 silly placeDep node_modules/multimatch brace-expansion@1.1.12 OK for: minimatch@3.1.2 want: ^1.1.7
485 silly fetch manifest concat-map@0.0.1
486 http fetch GET 200 https://registry.npmjs.org/concat-map 46ms (cache miss)
487 timing idealTree:node_modules/multimatch/node_modules/minimatch Completed in 52ms
488 silly placeDep ROOT concat-map@0.0.1 OK for: brace-expansion@1.1.12 want: 0.0.1
489 timing idealTree:node_modules/multimatch/node_modules/brace-expansion Completed in 2ms
490 timing idealTree:node_modules/concat-map Completed in 0ms
491 timing idealTree:buildDeps Completed in 5842ms
492 timing idealTree:fixDepFlags Completed in 3ms
493 timing idealTree Completed in 5854ms
494 timing reify:loadTrees Completed in 5855ms
495 timing reify:diffTrees Completed in 3ms
496 silly reify moves {}
497 timing reify:retireShallow Completed in 1ms
498 timing reify:createSparse Completed in 18ms
499 timing reify:loadBundles Completed in 0ms
500 silly audit bulk request {
500 silly audit   depcheck: [ '1.4.7' ],
500 silly audit   '@babel/parser': [ '7.28.3' ],
500 silly audit   '@babel/traverse': [ '7.28.3' ],
500 silly audit   '@vue/compiler-sfc': [ '3.5.18' ],
500 silly audit   callsite: [ '1.0.0' ],
500 silly audit   camelcase: [ '6.3.0' ],
500 silly audit   cosmiconfig: [ '7.1.0' ],
500 silly audit   debug: [ '4.4.1' ],
500 silly audit   'deps-regex': [ '0.2.0' ],
500 silly audit   'findup-sync': [ '5.0.0' ],
500 silly audit   ignore: [ '5.3.2' ],
500 silly audit   'is-core-module': [ '2.16.1' ],
500 silly audit   'js-yaml': [ '3.14.1' ],
500 silly audit   json5: [ '2.2.3' ],
500 silly audit   lodash: [ '4.17.21' ],
500 silly audit   minimatch: [ '7.4.6', '3.1.2' ],
500 silly audit   multimatch: [ '5.0.0' ],
500 silly audit   'please-upgrade-node': [ '3.2.0' ],
500 silly audit   readdirp: [ '3.6.0' ],
500 silly audit   'require-package-name': [ '2.0.1' ],
500 silly audit   resolve: [ '1.22.10' ],
500 silly audit   'resolve-from': [ '5.0.0', '4.0.0' ],
500 silly audit   semver: [ '7.7.2' ],
500 silly audit   yargs: [ '16.2.0' ],
500 silly audit   '@babel/types': [ '7.28.2' ],
500 silly audit   '@babel/code-frame': [ '7.27.1' ],
500 silly audit   '@babel/generator': [ '7.28.3' ],
500 silly audit   '@babel/helper-globals': [ '7.28.0' ],
500 silly audit   '@babel/template': [ '7.27.2' ],
500 silly audit   '@babel/helper-validator-identifier': [ '7.27.1' ],
500 silly audit   'js-tokens': [ '4.0.0' ],
500 silly audit   picocolors: [ '1.1.1' ],
500 silly audit   '@jridgewell/gen-mapping': [ '0.3.13' ],
500 silly audit   '@jridgewell/trace-mapping': [ '0.3.30' ],
500 silly audit   jsesc: [ '3.1.0' ],
500 silly audit   '@babel/helper-string-parser': [ '7.27.1' ],
500 silly audit   '@jridgewell/sourcemap-codec': [ '1.5.5' ],
500 silly audit   '@jridgewell/resolve-uri': [ '3.1.2' ],
500 silly audit   '@vue/compiler-core': [ '3.5.18' ],
500 silly audit   '@vue/compiler-dom': [ '3.5.18' ],
500 silly audit   '@vue/compiler-ssr': [ '3.5.18' ],
500 silly audit   '@vue/shared': [ '3.5.18' ],
500 silly audit   'estree-walker': [ '2.0.2' ],
500 silly audit   'magic-string': [ '0.30.17' ],
500 silly audit   postcss: [ '8.5.6' ],
500 silly audit   'source-map-js': [ '1.2.1' ],
500 silly audit   entities: [ '4.5.0' ],
500 silly audit   '@types/parse-json': [ '4.0.2' ],
500 silly audit   'import-fresh': [ '3.3.1' ],
500 silly audit   'parse-json': [ '5.2.0' ],
500 silly audit   'path-type': [ '4.0.0' ],
500 silly audit   yaml: [ '1.10.2' ],
500 silly audit   ms: [ '2.1.3' ],
500 silly audit   'detect-file': [ '1.0.0' ],
500 silly audit   'is-glob': [ '4.0.3' ],
500 silly audit   micromatch: [ '4.0.8' ],
500 silly audit   'resolve-dir': [ '1.0.1' ],
500 silly audit   'parent-module': [ '1.0.1' ],
500 silly audit   hasown: [ '2.0.2' ],
500 silly audit   'function-bind': [ '1.1.2' ],
500 silly audit   'is-extglob': [ '2.1.1' ],
500 silly audit   argparse: [ '1.0.10' ],
500 silly audit   esprima: [ '4.0.1' ],
500 silly audit   'sprintf-js': [ '1.0.3' ],
500 silly audit   braces: [ '3.0.3' ],
500 silly audit   picomatch: [ '2.3.1' ],
500 silly audit   'fill-range': [ '7.1.1' ],
500 silly audit   'to-regex-range': [ '5.0.1' ],
500 silly audit   'brace-expansion': [ '2.0.2', '1.1.12' ],
500 silly audit   'balanced-match': [ '1.0.2' ],
500 silly audit   '@types/minimatch': [ '3.0.5' ],
500 silly audit   'array-differ': [ '3.0.0' ],
500 silly audit   'array-union': [ '2.1.0' ],
500 silly audit   arrify: [ '2.0.1' ],
500 silly audit   callsites: [ '3.1.0' ],
500 silly audit   'error-ex': [ '1.3.2' ],
500 silly audit   'json-parse-even-better-errors': [ '2.3.1' ],
500 silly audit   'lines-and-columns': [ '1.2.4' ],
500 silly audit   'is-arrayish': [ '0.2.1' ],
500 silly audit   'semver-compare': [ '1.0.0' ],
500 silly audit   nanoid: [ '3.3.11' ],
500 silly audit   'path-parse': [ '1.0.7' ],
500 silly audit   'supports-preserve-symlinks-flag': [ '1.0.0' ],
500 silly audit   'expand-tilde': [ '2.0.2' ],
500 silly audit   'global-modules': [ '1.0.0' ],
500 silly audit   'homedir-polyfill': [ '1.0.3' ],
500 silly audit   'global-prefix': [ '1.0.2' ],
500 silly audit   'is-windows': [ '1.0.2' ],
500 silly audit   ini: [ '1.3.8' ],
500 silly audit   which: [ '1.3.1' ],
500 silly audit   'parse-passwd': [ '1.0.0' ],
500 silly audit   'is-number': [ '7.0.0' ],
500 silly audit   isexe: [ '2.0.0' ],
500 silly audit   cliui: [ '7.0.4' ],
500 silly audit   escalade: [ '3.2.0' ],
500 silly audit   'get-caller-file': [ '2.0.5' ],
500 silly audit   'require-directory': [ '2.1.1' ],
500 silly audit   'string-width': [ '4.2.3' ],
500 silly audit   y18n: [ '5.0.8' ],
500 silly audit   'yargs-parser': [ '20.2.9' ],
500 silly audit   'strip-ansi': [ '6.0.1' ],
500 silly audit   'wrap-ansi': [ '7.0.0' ],
500 silly audit   'emoji-regex': [ '8.0.0' ],
500 silly audit   'is-fullwidth-code-point': [ '3.0.0' ],
500 silly audit   'ansi-regex': [ '5.0.1' ],
500 silly audit   'ansi-styles': [ '4.3.0' ],
500 silly audit   'color-convert': [ '2.0.1' ],
500 silly audit   'color-name': [ '1.1.4' ],
500 silly audit   'concat-map': [ '0.0.1' ]
500 silly audit }
501 silly tarball no local data for concat-map@https://registry.npmjs.org/concat-map/-/concat-map-0.0.1.tgz. Extracting by manifest.
502 silly tarball no local data for color-name@https://registry.npmjs.org/color-name/-/color-name-1.1.4.tgz. Extracting by manifest.
503 silly tarball no local data for color-convert@https://registry.npmjs.org/color-convert/-/color-convert-2.0.1.tgz. Extracting by manifest.
504 silly tarball no local data for ansi-styles@https://registry.npmjs.org/ansi-styles/-/ansi-styles-4.3.0.tgz. Extracting by manifest.
505 silly tarball no local data for ansi-regex@https://registry.npmjs.org/ansi-regex/-/ansi-regex-5.0.1.tgz. Extracting by manifest.
506 silly tarball no local data for is-fullwidth-code-point@https://registry.npmjs.org/is-fullwidth-code-point/-/is-fullwidth-code-point-3.0.0.tgz. Extracting by manifest.
507 silly tarball no local data for emoji-regex@https://registry.npmjs.org/emoji-regex/-/emoji-regex-8.0.0.tgz. Extracting by manifest.
508 silly tarball no local data for wrap-ansi@https://registry.npmjs.org/wrap-ansi/-/wrap-ansi-7.0.0.tgz. Extracting by manifest.
509 silly tarball no local data for strip-ansi@https://registry.npmjs.org/strip-ansi/-/strip-ansi-6.0.1.tgz. Extracting by manifest.
510 silly tarball no local data for yargs-parser@https://registry.npmjs.org/yargs-parser/-/yargs-parser-20.2.9.tgz. Extracting by manifest.
511 silly tarball no local data for y18n@https://registry.npmjs.org/y18n/-/y18n-5.0.8.tgz. Extracting by manifest.
512 silly tarball no local data for string-width@https://registry.npmjs.org/string-width/-/string-width-4.2.3.tgz. Extracting by manifest.
513 silly tarball no local data for require-directory@https://registry.npmjs.org/require-directory/-/require-directory-2.1.1.tgz. Extracting by manifest.
514 silly tarball no local data for get-caller-file@https://registry.npmjs.org/get-caller-file/-/get-caller-file-2.0.5.tgz. Extracting by manifest.
515 silly tarball no local data for escalade@https://registry.npmjs.org/escalade/-/escalade-3.2.0.tgz. Extracting by manifest.
516 silly tarball no local data for isexe@https://registry.npmjs.org/isexe/-/isexe-2.0.0.tgz. Extracting by manifest.
517 silly tarball no local data for is-number@https://registry.npmjs.org/is-number/-/is-number-7.0.0.tgz. Extracting by manifest.
518 silly tarball no local data for parse-passwd@https://registry.npmjs.org/parse-passwd/-/parse-passwd-1.0.0.tgz. Extracting by manifest.
519 silly tarball no local data for cliui@https://registry.npmjs.org/cliui/-/cliui-7.0.4.tgz. Extracting by manifest.
520 silly tarball no local data for which@https://registry.npmjs.org/which/-/which-1.3.1.tgz. Extracting by manifest.
521 silly tarball no local data for ini@https://registry.npmjs.org/ini/-/ini-1.3.8.tgz. Extracting by manifest.
522 silly tarball no local data for is-windows@https://registry.npmjs.org/is-windows/-/is-windows-1.0.2.tgz. Extracting by manifest.
523 silly tarball no local data for global-prefix@https://registry.npmjs.org/global-prefix/-/global-prefix-1.0.2.tgz. Extracting by manifest.
524 silly tarball no local data for global-modules@https://registry.npmjs.org/global-modules/-/global-modules-1.0.0.tgz. Extracting by manifest.
525 silly tarball no local data for homedir-polyfill@https://registry.npmjs.org/homedir-polyfill/-/homedir-polyfill-1.0.3.tgz. Extracting by manifest.
526 silly tarball no local data for expand-tilde@https://registry.npmjs.org/expand-tilde/-/expand-tilde-2.0.2.tgz. Extracting by manifest.
527 silly tarball no local data for supports-preserve-symlinks-flag@https://registry.npmjs.org/supports-preserve-symlinks-flag/-/supports-preserve-symlinks-flag-1.0.0.tgz. Extracting by manifest.
528 silly tarball no local data for path-parse@https://registry.npmjs.org/path-parse/-/path-parse-1.0.7.tgz. Extracting by manifest.
529 silly tarball no local data for nanoid@https://registry.npmjs.org/nanoid/-/nanoid-3.3.11.tgz. Extracting by manifest.
530 silly tarball no local data for semver-compare@https://registry.npmjs.org/semver-compare/-/semver-compare-1.0.0.tgz. Extracting by manifest.
531 silly tarball no local data for is-arrayish@https://registry.npmjs.org/is-arrayish/-/is-arrayish-0.2.1.tgz. Extracting by manifest.
532 silly tarball no local data for lines-and-columns@https://registry.npmjs.org/lines-and-columns/-/lines-and-columns-1.2.4.tgz. Extracting by manifest.
533 silly tarball no local data for error-ex@https://registry.npmjs.org/error-ex/-/error-ex-1.3.2.tgz. Extracting by manifest.
534 silly tarball no local data for json-parse-even-better-errors@https://registry.npmjs.org/json-parse-even-better-errors/-/json-parse-even-better-errors-2.3.1.tgz. Extracting by manifest.
535 silly tarball no local data for callsites@https://registry.npmjs.org/callsites/-/callsites-3.1.0.tgz. Extracting by manifest.
536 silly tarball no local data for arrify@https://registry.npmjs.org/arrify/-/arrify-2.0.1.tgz. Extracting by manifest.
537 silly tarball no local data for array-union@https://registry.npmjs.org/array-union/-/array-union-2.1.0.tgz. Extracting by manifest.
538 silly tarball no local data for @types/minimatch@https://registry.npmjs.org/@types/minimatch/-/minimatch-3.0.5.tgz. Extracting by manifest.
539 silly tarball no local data for array-differ@https://registry.npmjs.org/array-differ/-/array-differ-3.0.0.tgz. Extracting by manifest.
540 silly tarball no local data for balanced-match@https://registry.npmjs.org/balanced-match/-/balanced-match-1.0.2.tgz. Extracting by manifest.
541 silly tarball no local data for brace-expansion@https://registry.npmjs.org/brace-expansion/-/brace-expansion-2.0.2.tgz. Extracting by manifest.
542 silly tarball no local data for to-regex-range@https://registry.npmjs.org/to-regex-range/-/to-regex-range-5.0.1.tgz. Extracting by manifest.
543 silly tarball no local data for picomatch@https://registry.npmjs.org/picomatch/-/picomatch-2.3.1.tgz. Extracting by manifest.
544 silly tarball no local data for fill-range@https://registry.npmjs.org/fill-range/-/fill-range-7.1.1.tgz. Extracting by manifest.
545 silly tarball no local data for braces@https://registry.npmjs.org/braces/-/braces-3.0.3.tgz. Extracting by manifest.
546 silly tarball no local data for sprintf-js@https://registry.npmjs.org/sprintf-js/-/sprintf-js-1.0.3.tgz. Extracting by manifest.
547 silly tarball no local data for esprima@https://registry.npmjs.org/esprima/-/esprima-4.0.1.tgz. Extracting by manifest.
548 silly tarball no local data for is-extglob@https://registry.npmjs.org/is-extglob/-/is-extglob-2.1.1.tgz. Extracting by manifest.
549 silly tarball no local data for argparse@https://registry.npmjs.org/argparse/-/argparse-1.0.10.tgz. Extracting by manifest.
550 silly tarball no local data for function-bind@https://registry.npmjs.org/function-bind/-/function-bind-1.1.2.tgz. Extracting by manifest.
551 silly tarball no local data for hasown@https://registry.npmjs.org/hasown/-/hasown-2.0.2.tgz. Extracting by manifest.
552 silly tarball no local data for parent-module@https://registry.npmjs.org/parent-module/-/parent-module-1.0.1.tgz. Extracting by manifest.
553 silly tarball no local data for resolve-dir@https://registry.npmjs.org/resolve-dir/-/resolve-dir-1.0.1.tgz. Extracting by manifest.
554 silly tarball no local data for micromatch@https://registry.npmjs.org/micromatch/-/micromatch-4.0.8.tgz. Extracting by manifest.
555 silly tarball no local data for detect-file@https://registry.npmjs.org/detect-file/-/detect-file-1.0.0.tgz. Extracting by manifest.
556 silly tarball no local data for is-glob@https://registry.npmjs.org/is-glob/-/is-glob-4.0.3.tgz. Extracting by manifest.
557 silly tarball no local data for ms@https://registry.npmjs.org/ms/-/ms-2.1.3.tgz. Extracting by manifest.
558 silly tarball no local data for yaml@https://registry.npmjs.org/yaml/-/yaml-1.10.2.tgz. Extracting by manifest.
559 silly tarball no local data for path-type@https://registry.npmjs.org/path-type/-/path-type-4.0.0.tgz. Extracting by manifest.
560 silly tarball no local data for import-fresh@https://registry.npmjs.org/import-fresh/-/import-fresh-3.3.1.tgz. Extracting by manifest.
561 silly tarball no local data for parse-json@https://registry.npmjs.org/parse-json/-/parse-json-5.2.0.tgz. Extracting by manifest.
562 silly tarball no local data for @types/parse-json@https://registry.npmjs.org/@types/parse-json/-/parse-json-4.0.2.tgz. Extracting by manifest.
563 silly tarball no local data for entities@https://registry.npmjs.org/entities/-/entities-4.5.0.tgz. Extracting by manifest.
564 silly tarball no local data for source-map-js@https://registry.npmjs.org/source-map-js/-/source-map-js-1.2.1.tgz. Extracting by manifest.
565 silly tarball no local data for postcss@https://registry.npmjs.org/postcss/-/postcss-8.5.6.tgz. Extracting by manifest.
566 silly tarball no local data for magic-string@https://registry.npmjs.org/magic-string/-/magic-string-0.30.17.tgz. Extracting by manifest.
567 silly tarball no local data for @vue/shared@https://registry.npmjs.org/@vue/shared/-/shared-3.5.18.tgz. Extracting by manifest.
568 silly tarball no local data for estree-walker@https://registry.npmjs.org/estree-walker/-/estree-walker-2.0.2.tgz. Extracting by manifest.
569 silly tarball no local data for @vue/compiler-ssr@https://registry.npmjs.org/@vue/compiler-ssr/-/compiler-ssr-3.5.18.tgz. Extracting by manifest.
570 silly tarball no local data for @vue/compiler-core@https://registry.npmjs.org/@vue/compiler-core/-/compiler-core-3.5.18.tgz. Extracting by manifest.
571 silly tarball no local data for @vue/compiler-dom@https://registry.npmjs.org/@vue/compiler-dom/-/compiler-dom-3.5.18.tgz. Extracting by manifest.
572 silly tarball no local data for @jridgewell/resolve-uri@https://registry.npmjs.org/@jridgewell/resolve-uri/-/resolve-uri-3.1.2.tgz. Extracting by manifest.
573 silly tarball no local data for @jridgewell/sourcemap-codec@https://registry.npmjs.org/@jridgewell/sourcemap-codec/-/sourcemap-codec-1.5.5.tgz. Extracting by manifest.
574 silly tarball no local data for @babel/helper-string-parser@https://registry.npmjs.org/@babel/helper-string-parser/-/helper-string-parser-7.27.1.tgz. Extracting by manifest.
575 silly tarball no local data for jsesc@https://registry.npmjs.org/jsesc/-/jsesc-3.1.0.tgz. Extracting by manifest.
576 silly tarball no local data for @jridgewell/trace-mapping@https://registry.npmjs.org/@jridgewell/trace-mapping/-/trace-mapping-0.3.30.tgz. Extracting by manifest.
577 silly tarball no local data for picocolors@https://registry.npmjs.org/picocolors/-/picocolors-1.1.1.tgz. Extracting by manifest.
578 silly tarball no local data for @jridgewell/gen-mapping@https://registry.npmjs.org/@jridgewell/gen-mapping/-/gen-mapping-0.3.13.tgz. Extracting by manifest.
579 silly tarball no local data for @babel/helper-validator-identifier@https://registry.npmjs.org/@babel/helper-validator-identifier/-/helper-validator-identifier-7.27.1.tgz. Extracting by manifest.
580 silly tarball no local data for @babel/template@https://registry.npmjs.org/@babel/template/-/template-7.27.2.tgz. Extracting by manifest.
581 silly tarball no local data for js-tokens@https://registry.npmjs.org/js-tokens/-/js-tokens-4.0.0.tgz. Extracting by manifest.
582 silly tarball no local data for @babel/generator@https://registry.npmjs.org/@babel/generator/-/generator-7.28.3.tgz. Extracting by manifest.
583 silly tarball no local data for @babel/helper-globals@https://registry.npmjs.org/@babel/helper-globals/-/helper-globals-7.28.0.tgz. Extracting by manifest.
584 silly tarball no local data for @babel/code-frame@https://registry.npmjs.org/@babel/code-frame/-/code-frame-7.27.1.tgz. Extracting by manifest.
585 silly tarball no local data for @babel/types@https://registry.npmjs.org/@babel/types/-/types-7.28.2.tgz. Extracting by manifest.
586 silly tarball no local data for yargs@https://registry.npmjs.org/yargs/-/yargs-16.2.0.tgz. Extracting by manifest.
587 silly tarball no local data for resolve-from@https://registry.npmjs.org/resolve-from/-/resolve-from-5.0.0.tgz. Extracting by manifest.
588 silly tarball no local data for semver@https://registry.npmjs.org/semver/-/semver-7.7.2.tgz. Extracting by manifest.
589 silly tarball no local data for resolve@https://registry.npmjs.org/resolve/-/resolve-1.22.10.tgz. Extracting by manifest.
590 silly tarball no local data for require-package-name@https://registry.npmjs.org/require-package-name/-/require-package-name-2.0.1.tgz. Extracting by manifest.
591 silly tarball no local data for readdirp@https://registry.npmjs.org/readdirp/-/readdirp-3.6.0.tgz. Extracting by manifest.
592 silly tarball no local data for please-upgrade-node@https://registry.npmjs.org/please-upgrade-node/-/please-upgrade-node-3.2.0.tgz. Extracting by manifest.
593 silly tarball no local data for multimatch@https://registry.npmjs.org/multimatch/-/multimatch-5.0.0.tgz. Extracting by manifest.
594 silly tarball no local data for minimatch@https://registry.npmjs.org/minimatch/-/minimatch-7.4.6.tgz. Extracting by manifest.
595 silly tarball no local data for lodash@https://registry.npmjs.org/lodash/-/lodash-4.17.21.tgz. Extracting by manifest.
596 silly tarball no local data for json5@https://registry.npmjs.org/json5/-/json5-2.2.3.tgz. Extracting by manifest.
597 silly tarball no local data for js-yaml@https://registry.npmjs.org/js-yaml/-/js-yaml-3.14.1.tgz. Extracting by manifest.
598 silly tarball no local data for is-core-module@https://registry.npmjs.org/is-core-module/-/is-core-module-2.16.1.tgz. Extracting by manifest.
599 silly tarball no local data for ignore@https://registry.npmjs.org/ignore/-/ignore-5.3.2.tgz. Extracting by manifest.
600 silly tarball no local data for findup-sync@https://registry.npmjs.org/findup-sync/-/findup-sync-5.0.0.tgz. Extracting by manifest.
601 silly tarball no local data for deps-regex@https://registry.npmjs.org/deps-regex/-/deps-regex-0.2.0.tgz. Extracting by manifest.
602 silly tarball no local data for debug@https://registry.npmjs.org/debug/-/debug-4.4.1.tgz. Extracting by manifest.
603 silly tarball no local data for cosmiconfig@https://registry.npmjs.org/cosmiconfig/-/cosmiconfig-7.1.0.tgz. Extracting by manifest.
604 silly tarball no local data for camelcase@https://registry.npmjs.org/camelcase/-/camelcase-6.3.0.tgz. Extracting by manifest.
605 silly tarball no local data for callsite@https://registry.npmjs.org/callsite/-/callsite-1.0.0.tgz. Extracting by manifest.
606 silly tarball no local data for @vue/compiler-sfc@https://registry.npmjs.org/@vue/compiler-sfc/-/compiler-sfc-3.5.18.tgz. Extracting by manifest.
607 silly tarball no local data for @babel/traverse@https://registry.npmjs.org/@babel/traverse/-/traverse-7.28.3.tgz. Extracting by manifest.
608 silly tarball no local data for @babel/parser@https://registry.npmjs.org/@babel/parser/-/parser-7.28.3.tgz. Extracting by manifest.
609 silly tarball no local data for depcheck@https://registry.npmjs.org/depcheck/-/depcheck-1.4.7.tgz. Extracting by manifest.
610 silly tarball no local data for resolve-from@https://registry.npmjs.org/resolve-from/-/resolve-from-4.0.0.tgz. Extracting by manifest.
611 silly tarball no local data for brace-expansion@https://registry.npmjs.org/brace-expansion/-/brace-expansion-1.1.12.tgz. Extracting by manifest.
612 silly tarball no local data for minimatch@https://registry.npmjs.org/minimatch/-/minimatch-3.1.2.tgz. Extracting by manifest.
613 http fetch POST 200 https://registry.npmjs.org/-/npm/v1/security/advisories/bulk 890ms
614 timing auditReport:getReport Completed in 897ms
615 silly audit report {}
616 timing auditReport:init Completed in 0ms
617 timing reify:audit Completed in 900ms
618 http fetch GET 200 https://registry.npmjs.org/@types/parse-json/-/parse-json-4.0.2.tgz 2088ms (cache miss)
619 timing reifyNode:node_modules/@types/parse-json Completed in 2223ms
620 http fetch GET 200 https://registry.npmjs.org/parse-json/-/parse-json-5.2.0.tgz 2109ms (cache miss)
621 timing reifyNode:node_modules/parse-json Completed in 2244ms
622 http fetch GET 200 https://registry.npmjs.org/concat-map/-/concat-map-0.0.1.tgz 2175ms (cache miss)
623 timing reifyNode:node_modules/concat-map Completed in 2254ms
624 http fetch GET 200 https://registry.npmjs.org/color-name/-/color-name-1.1.4.tgz 2174ms (cache miss)
625 timing reifyNode:node_modules/color-name Completed in 2255ms
626 http fetch GET 200 https://registry.npmjs.org/path-type/-/path-type-4.0.0.tgz 2119ms (cache miss)
627 timing reifyNode:node_modules/path-type Completed in 2253ms
628 http fetch GET 200 https://registry.npmjs.org/parse-passwd/-/parse-passwd-1.0.0.tgz 2159ms (cache miss)
629 timing reifyNode:node_modules/parse-passwd Completed in 2257ms
630 http fetch GET 200 https://registry.npmjs.org/strip-ansi/-/strip-ansi-6.0.1.tgz 2185ms (cache miss)
631 timing reifyNode:node_modules/strip-ansi Completed in 2271ms
632 http fetch GET 200 https://registry.npmjs.org/ms/-/ms-2.1.3.tgz 2137ms (cache miss)
633 timing reifyNode:node_modules/ms Completed in 2269ms
634 http fetch GET 200 https://registry.npmjs.org/is-arrayish/-/is-arrayish-0.2.1.tgz 2167ms (cache miss)
635 timing reifyNode:node_modules/is-arrayish Completed in 2273ms
636 http fetch GET 200 https://registry.npmjs.org/@types/minimatch/-/minimatch-3.0.5.tgz 2152ms (cache miss)
637 timing reifyNode:node_modules/@types/minimatch Completed in 2274ms
638 http fetch GET 200 https://registry.npmjs.org/picocolors/-/picocolors-1.1.1.tgz 2142ms (cache miss)
639 timing reifyNode:node_modules/picocolors Completed in 2288ms
640 http fetch GET 200 https://registry.npmjs.org/resolve-from/-/resolve-from-5.0.0.tgz 2133ms (cache miss)
641 timing reifyNode:node_modules/resolve-from Completed in 2289ms
642 http fetch GET 200 https://registry.npmjs.org/ansi-regex/-/ansi-regex-5.0.1.tgz 2213ms (cache miss)
643 timing reifyNode:node_modules/ansi-regex Completed in 2296ms
644 http fetch GET 200 https://registry.npmjs.org/parent-module/-/parent-module-1.0.1.tgz 2166ms (cache miss)
645 timing reifyNode:node_modules/parent-module Completed in 2296ms
646 http fetch GET 200 https://registry.npmjs.org/which/-/which-1.3.1.tgz 2201ms (cache miss)
647 timing reifyNode:node_modules/which Completed in 2300ms
648 http fetch GET 200 https://registry.npmjs.org/error-ex/-/error-ex-1.3.2.tgz 2193ms (cache miss)
649 timing reifyNode:node_modules/error-ex Completed in 2300ms
650 http fetch GET 200 https://registry.npmjs.org/semver-compare/-/semver-compare-1.0.0.tgz 2196ms (cache miss)
651 timing reifyNode:node_modules/semver-compare Completed in 2301ms
652 http fetch GET 200 https://registry.npmjs.org/multimatch/-/multimatch-5.0.0.tgz 2139ms (cache miss)
653 timing reifyNode:node_modules/multimatch Completed in 2299ms
654 http fetch GET 200 https://registry.npmjs.org/emoji-regex/-/emoji-regex-8.0.0.tgz 2228ms (cache miss)
655 timing reifyNode:node_modules/emoji-regex Completed in 2313ms
656 http fetch GET 200 https://registry.npmjs.org/resolve-dir/-/resolve-dir-1.0.1.tgz 2180ms (cache miss)
657 timing reifyNode:node_modules/resolve-dir Completed in 2310ms
658 http fetch GET 200 https://registry.npmjs.org/is-extglob/-/is-extglob-2.1.1.tgz 2184ms (cache miss)
659 timing reifyNode:node_modules/is-extglob Completed in 2312ms
660 http fetch GET 200 https://registry.npmjs.org/detect-file/-/detect-file-1.0.0.tgz 2180ms (cache miss)
661 timing reifyNode:node_modules/detect-file Completed in 2311ms
662 http fetch GET 200 https://registry.npmjs.org/import-fresh/-/import-fresh-3.3.1.tgz 2178ms (cache miss)
663 timing reifyNode:node_modules/import-fresh Completed in 2312ms
664 http fetch GET 200 https://registry.npmjs.org/ini/-/ini-1.3.8.tgz 2216ms (cache miss)
665 timing reifyNode:node_modules/ini Completed in 2316ms
666 http fetch GET 200 https://registry.npmjs.org/get-caller-file/-/get-caller-file-2.0.5.tgz 2226ms (cache miss)
667 timing reifyNode:node_modules/get-caller-file Completed in 2317ms
668 http fetch GET 200 https://registry.npmjs.org/global-modules/-/global-modules-1.0.0.tgz 2215ms (cache miss)
669 timing reifyNode:node_modules/global-modules Completed in 2316ms
670 http fetch GET 200 https://registry.npmjs.org/string-width/-/string-width-4.2.3.tgz 2231ms (cache miss)
671 timing reifyNode:node_modules/string-width Completed in 2319ms
672 http fetch GET 200 https://registry.npmjs.org/lines-and-columns/-/lines-and-columns-1.2.4.tgz 2210ms (cache miss)
673 timing reifyNode:node_modules/lines-and-columns Completed in 2317ms
674 http fetch GET 200 https://registry.npmjs.org/balanced-match/-/balanced-match-1.0.2.tgz 2196ms (cache miss)
675 timing reifyNode:node_modules/balanced-match Completed in 2318ms
676 http fetch GET 200 https://registry.npmjs.org/resolve-from/-/resolve-from-4.0.0.tgz 2139ms (cache miss)
677 timing reifyNode:node_modules/import-fresh/node_modules/resolve-from Completed in 2318ms
678 http fetch GET 200 https://registry.npmjs.org/@babel/helper-globals/-/helper-globals-7.28.0.tgz 2171ms (cache miss)
679 timing reifyNode:node_modules/@babel/helper-globals Completed in 2319ms
680 http fetch GET 200 https://registry.npmjs.org/ansi-styles/-/ansi-styles-4.3.0.tgz 2244ms (cache miss)
681 timing reifyNode:node_modules/ansi-styles Completed in 2327ms
682 http fetch GET 200 https://registry.npmjs.org/is-fullwidth-code-point/-/is-fullwidth-code-point-3.0.0.tgz 2243ms (cache miss)
683 timing reifyNode:node_modules/is-fullwidth-code-point Completed in 2326ms
684 http fetch GET 200 https://registry.npmjs.org/is-glob/-/is-glob-4.0.3.tgz 2191ms (cache miss)
685 timing reifyNode:node_modules/is-glob Completed in 2324ms
686 http fetch GET 200 https://registry.npmjs.org/require-directory/-/require-directory-2.1.1.tgz 2239ms (cache miss)
687 timing reifyNode:node_modules/require-directory Completed in 2328ms
688 http fetch GET 200 https://registry.npmjs.org/escalade/-/escalade-3.2.0.tgz 2233ms (cache miss)
689 http fetch GET 200 https://registry.npmjs.org/is-number/-/is-number-7.0.0.tgz 2231ms (cache miss)
690 timing reifyNode:node_modules/is-number Completed in 2328ms
691 http fetch GET 200 https://registry.npmjs.org/cliui/-/cliui-7.0.4.tgz 2241ms (cache miss)
692 http fetch GET 200 https://registry.npmjs.org/path-parse/-/path-parse-1.0.7.tgz 2234ms (cache miss)
693 timing reifyNode:node_modules/path-parse Completed in 2339ms
694 http fetch GET 200 https://registry.npmjs.org/arrify/-/arrify-2.0.1.tgz 2220ms (cache miss)
695 timing reifyNode:node_modules/arrify Completed in 2340ms
696 http fetch GET 200 https://registry.npmjs.org/please-upgrade-node/-/please-upgrade-node-3.2.0.tgz 2178ms (cache miss)
697 timing reifyNode:node_modules/please-upgrade-node Completed in 2338ms
698 http fetch GET 200 https://registry.npmjs.org/require-package-name/-/require-package-name-2.0.1.tgz 2182ms (cache miss)
699 timing reifyNode:node_modules/require-package-name Completed in 2339ms
700 http fetch GET 200 https://registry.npmjs.org/wrap-ansi/-/wrap-ansi-7.0.0.tgz 2267ms (cache miss)
701 timing reifyNode:node_modules/wrap-ansi Completed in 2353ms
702 http fetch GET 200 https://registry.npmjs.org/isexe/-/isexe-2.0.0.tgz 2256ms (cache miss)
703 timing reifyNode:node_modules/isexe Completed in 2352ms
704 http fetch GET 200 https://registry.npmjs.org/fill-range/-/fill-range-7.1.1.tgz 2226ms (cache miss)
705 timing reifyNode:node_modules/fill-range Completed in 2351ms
706 timing reifyNode:node_modules/escalade Completed in 2355ms
707 http fetch GET 200 https://registry.npmjs.org/global-prefix/-/global-prefix-1.0.2.tgz 2253ms (cache miss)
708 timing reifyNode:node_modules/global-prefix Completed in 2355ms
709 http fetch GET 200 https://registry.npmjs.org/expand-tilde/-/expand-tilde-2.0.2.tgz 2252ms (cache miss)
710 timing reifyNode:node_modules/expand-tilde Completed in 2355ms
711 http fetch GET 200 https://registry.npmjs.org/is-windows/-/is-windows-1.0.2.tgz 2256ms (cache miss)
712 timing reifyNode:node_modules/is-windows Completed in 2357ms
713 http fetch GET 200 https://registry.npmjs.org/callsites/-/callsites-3.1.0.tgz 2238ms (cache miss)
714 timing reifyNode:node_modules/callsites Completed in 2357ms
715 http fetch GET 200 https://registry.npmjs.org/callsite/-/callsite-1.0.0.tgz 2185ms (cache miss)
716 timing reifyNode:node_modules/callsite Completed in 2353ms
717 http fetch GET 200 https://registry.npmjs.org/hasown/-/hasown-2.0.2.tgz 2236ms (cache miss)
718 timing reifyNode:node_modules/hasown Completed in 2365ms
719 timing reifyNode:node_modules/cliui Completed in 2368ms
720 http fetch GET 200 https://registry.npmjs.org/homedir-polyfill/-/homedir-polyfill-1.0.3.tgz 2266ms (cache miss)
721 timing reifyNode:node_modules/homedir-polyfill Completed in 2369ms
722 http fetch GET 200 https://registry.npmjs.org/supports-preserve-symlinks-flag/-/supports-preserve-symlinks-flag-1.0.0.tgz 2266ms (cache miss)
723 timing reifyNode:node_modules/supports-preserve-symlinks-flag Completed in 2369ms
724 http fetch GET 200 https://registry.npmjs.org/json-parse-even-better-errors/-/json-parse-even-better-errors-2.3.1.tgz 2261ms (cache miss)
725 timing reifyNode:node_modules/json-parse-even-better-errors Completed in 2370ms
726 http fetch GET 200 https://registry.npmjs.org/deps-regex/-/deps-regex-0.2.0.tgz 2203ms (cache miss)
727 timing reifyNode:node_modules/deps-regex Completed in 2366ms
728 http fetch GET 200 https://registry.npmjs.org/array-union/-/array-union-2.1.0.tgz 2252ms (cache miss)
729 timing reifyNode:node_modules/array-union Completed in 2373ms
730 http fetch GET 200 https://registry.npmjs.org/array-differ/-/array-differ-3.0.0.tgz 2251ms (cache miss)
731 timing reifyNode:node_modules/array-differ Completed in 2374ms
732 http fetch GET 200 https://registry.npmjs.org/js-tokens/-/js-tokens-4.0.0.tgz 2228ms (cache miss)
733 timing reifyNode:node_modules/js-tokens Completed in 2375ms
734 http fetch GET 200 https://registry.npmjs.org/color-convert/-/color-convert-2.0.1.tgz 2302ms (cache miss)
735 timing reifyNode:node_modules/color-convert Completed in 2384ms
736 http fetch GET 200 https://registry.npmjs.org/readdirp/-/readdirp-3.6.0.tgz 2224ms (cache miss)
737 timing reifyNode:node_modules/readdirp Completed in 2382ms
738 http fetch GET 200 https://registry.npmjs.org/camelcase/-/camelcase-6.3.0.tgz 2215ms (cache miss)
739 timing reifyNode:node_modules/camelcase Completed in 2382ms
740 http fetch GET 200 https://registry.npmjs.org/findup-sync/-/findup-sync-5.0.0.tgz 2220ms (cache miss)
741 timing reifyNode:node_modules/findup-sync Completed in 2383ms
742 http fetch GET 200 https://registry.npmjs.org/brace-expansion/-/brace-expansion-1.1.12.tgz 2208ms (cache miss)
743 timing reifyNode:node_modules/multimatch/node_modules/brace-expansion Completed in 2385ms
744 http fetch GET 200 https://registry.npmjs.org/to-regex-range/-/to-regex-range-5.0.1.tgz 2274ms (cache miss)
745 timing reifyNode:node_modules/to-regex-range Completed in 2398ms
746 http fetch GET 200 https://registry.npmjs.org/brace-expansion/-/brace-expansion-2.0.2.tgz 2277ms (cache miss)
747 timing reifyNode:node_modules/brace-expansion Completed in 2400ms
748 http fetch GET 200 https://registry.npmjs.org/@jridgewell/resolve-uri/-/resolve-uri-3.1.2.tgz 2259ms (cache miss)
749 timing reifyNode:node_modules/@jridgewell/resolve-uri Completed in 2402ms
750 http fetch GET 200 https://registry.npmjs.org/@babel/helper-string-parser/-/helper-string-parser-7.27.1.tgz 2286ms (cache miss)
751 timing reifyNode:node_modules/@babel/helper-string-parser Completed in 2429ms
752 http fetch GET 200 https://registry.npmjs.org/jsesc/-/jsesc-3.1.0.tgz 2286ms (cache miss)
753 timing reifyNode:node_modules/jsesc Completed in 2430ms
754 http fetch GET 200 https://registry.npmjs.org/y18n/-/y18n-5.0.8.tgz 2351ms (cache miss)
755 timing reifyNode:node_modules/y18n Completed in 2439ms
756 http fetch GET 200 https://registry.npmjs.org/@vue/compiler-ssr/-/compiler-ssr-3.5.18.tgz 2307ms (cache miss)
757 timing reifyNode:node_modules/@vue/compiler-ssr Completed in 2447ms
758 http fetch GET 200 https://registry.npmjs.org/@babel/code-frame/-/code-frame-7.27.1.tgz 2298ms (cache miss)
759 timing reifyNode:node_modules/@babel/code-frame Completed in 2449ms
760 http fetch GET 200 https://registry.npmjs.org/micromatch/-/micromatch-4.0.8.tgz 2322ms (cache miss)
761 timing reifyNode:node_modules/micromatch Completed in 2453ms
762 http fetch GET 200 https://registry.npmjs.org/function-bind/-/function-bind-1.1.2.tgz 2325ms (cache miss)
763 timing reifyNode:node_modules/function-bind Completed in 2454ms
764 http fetch GET 200 https://registry.npmjs.org/ignore/-/ignore-5.3.2.tgz 2290ms (cache miss)
765 timing reifyNode:node_modules/ignore Completed in 2452ms
766 http fetch GET 200 https://registry.npmjs.org/minimatch/-/minimatch-3.1.2.tgz 2285ms (cache miss)
767 timing reifyNode:node_modules/multimatch/node_modules/minimatch Completed in 2463ms
768 http fetch GET 200 https://registry.npmjs.org/@babel/helper-validator-identifier/-/helper-validator-identifier-7.27.1.tgz 2346ms (cache miss)
769 timing reifyNode:node_modules/@babel/helper-validator-identifier Completed in 2491ms
770 http fetch GET 200 https://registry.npmjs.org/is-core-module/-/is-core-module-2.16.1.tgz 2339ms (cache miss)
771 timing reifyNode:node_modules/is-core-module Completed in 2501ms
772 http fetch GET 200 https://registry.npmjs.org/sprintf-js/-/sprintf-js-1.0.3.tgz 2381ms (cache miss)
773 timing reifyNode:node_modules/sprintf-js Completed in 2507ms
774 http fetch GET 200 https://registry.npmjs.org/braces/-/braces-3.0.3.tgz 2396ms (cache miss)
775 timing reifyNode:node_modules/braces Completed in 2523ms
776 http fetch GET 200 https://registry.npmjs.org/nanoid/-/nanoid-3.3.11.tgz 2421ms (cache miss)
777 timing reifyNode:node_modules/nanoid Completed in 2526ms
778 http fetch GET 200 https://registry.npmjs.org/debug/-/debug-4.4.1.tgz 2361ms (cache miss)
779 timing reifyNode:node_modules/debug Completed in 2526ms
780 http fetch GET 200 https://registry.npmjs.org/@vue/shared/-/shared-3.5.18.tgz 2424ms (cache miss)
781 timing reifyNode:node_modules/@vue/shared Completed in 2562ms
782 http fetch GET 200 https://registry.npmjs.org/@jridgewell/sourcemap-codec/-/sourcemap-codec-1.5.5.tgz 2445ms (cache miss)
783 http fetch GET 200 https://registry.npmjs.org/picomatch/-/picomatch-2.3.1.tgz 2470ms (cache miss)
784 timing reifyNode:node_modules/picomatch Completed in 2594ms
785 timing reifyNode:node_modules/@jridgewell/sourcemap-codec Completed in 2597ms
786 http fetch GET 200 https://registry.npmjs.org/estree-walker/-/estree-walker-2.0.2.tgz 2465ms (cache miss)
787 timing reifyNode:node_modules/estree-walker Completed in 2605ms
788 http fetch GET 200 https://registry.npmjs.org/@babel/template/-/template-7.27.2.tgz 2469ms (cache miss)
789 timing reifyNode:node_modules/@babel/template Completed in 2616ms
790 http fetch GET 200 https://registry.npmjs.org/yargs-parser/-/yargs-parser-20.2.9.tgz 2543ms (cache miss)
791 timing reifyNode:node_modules/yargs-parser Completed in 2630ms
792 http fetch GET 200 https://registry.npmjs.org/source-map-js/-/source-map-js-1.2.1.tgz 2555ms (cache miss)
793 timing reifyNode:node_modules/source-map-js Completed in 2692ms
794 http fetch GET 200 https://registry.npmjs.org/@jridgewell/gen-mapping/-/gen-mapping-0.3.13.tgz 2553ms (cache miss)
795 timing reifyNode:node_modules/@jridgewell/gen-mapping Completed in 2699ms
796 http fetch GET 200 https://registry.npmjs.org/argparse/-/argparse-1.0.10.tgz 2612ms (cache miss)
797 timing reifyNode:node_modules/argparse Completed in 2740ms
798 http fetch GET 200 https://registry.npmjs.org/esprima/-/esprima-4.0.1.tgz 2628ms (cache miss)
799 timing reifyNode:node_modules/esprima Completed in 2755ms
800 http fetch GET 200 https://registry.npmjs.org/json5/-/json5-2.2.3.tgz 2622ms (cache miss)
801 timing reifyNode:node_modules/json5 Completed in 2783ms
802 http fetch GET 200 https://registry.npmjs.org/cosmiconfig/-/cosmiconfig-7.1.0.tgz 2619ms (cache miss)
803 timing reifyNode:node_modules/cosmiconfig Completed in 2784ms
804 http fetch GET 200 https://registry.npmjs.org/magic-string/-/magic-string-0.30.17.tgz 2657ms (cache miss)
805 timing reifyNode:node_modules/magic-string Completed in 2796ms
806 http fetch GET 200 https://registry.npmjs.org/semver/-/semver-7.7.2.tgz 2710ms (cache miss)
807 timing reifyNode:node_modules/semver Completed in 2867ms
808 http fetch GET 200 https://registry.npmjs.org/@jridgewell/trace-mapping/-/trace-mapping-0.3.30.tgz 2734ms (cache miss)
809 timing reifyNode:node_modules/@jridgewell/trace-mapping Completed in 2878ms
810 http fetch GET 200 https://registry.npmjs.org/@vue/compiler-core/-/compiler-core-3.5.18.tgz 2775ms (cache miss)
811 timing reifyNode:node_modules/@vue/compiler-core Completed in 2916ms
812 http fetch GET 200 https://registry.npmjs.org/minimatch/-/minimatch-7.4.6.tgz 2765ms (cache miss)
813 timing reifyNode:node_modules/minimatch Completed in 2928ms
814 http fetch GET 200 https://registry.npmjs.org/postcss/-/postcss-8.5.6.tgz 2800ms (cache miss)
815 timing reifyNode:node_modules/postcss Completed in 2938ms
816 http fetch GET 200 https://registry.npmjs.org/@vue/compiler-dom/-/compiler-dom-3.5.18.tgz 2802ms (cache miss)
817 timing reifyNode:node_modules/@vue/compiler-dom Completed in 2943ms
818 http fetch GET 200 https://registry.npmjs.org/yargs/-/yargs-16.2.0.tgz 2811ms (cache miss)
819 timing reifyNode:node_modules/yargs Completed in 2973ms
820 http fetch GET 200 https://registry.npmjs.org/js-yaml/-/js-yaml-3.14.1.tgz 2812ms (cache miss)
821 timing reifyNode:node_modules/js-yaml Completed in 2974ms
822 http fetch GET 200 https://registry.npmjs.org/entities/-/entities-4.5.0.tgz 2888ms (cache miss)
823 timing reifyNode:node_modules/entities Completed in 3028ms
824 http fetch GET 200 https://registry.npmjs.org/@babel/generator/-/generator-7.28.3.tgz 2880ms (cache miss)
825 timing reifyNode:node_modules/@babel/generator Completed in 3027ms
826 http fetch GET 200 https://registry.npmjs.org/yaml/-/yaml-1.10.2.tgz 2900ms (cache miss)
827 timing reifyNode:node_modules/yaml Completed in 3033ms
828 http fetch GET 200 https://registry.npmjs.org/depcheck/-/depcheck-1.4.7.tgz 2867ms (cache miss)
829 timing reifyNode:node_modules/depcheck Completed in 3044ms
830 http fetch GET 200 https://registry.npmjs.org/@babel/traverse/-/traverse-7.28.3.tgz 2917ms (cache miss)
831 timing reifyNode:node_modules/@babel/traverse Completed in 3088ms
832 http fetch GET 200 https://registry.npmjs.org/@babel/parser/-/parser-7.28.3.tgz 2934ms (cache miss)
833 timing reifyNode:node_modules/@babel/parser Completed in 3105ms
834 http fetch GET 200 https://registry.npmjs.org/resolve/-/resolve-1.22.10.tgz 2958ms (cache miss)
835 timing reifyNode:node_modules/resolve Completed in 3117ms
836 http fetch GET 200 https://registry.npmjs.org/@vue/compiler-sfc/-/compiler-sfc-3.5.18.tgz 2955ms (cache miss)
837 timing reifyNode:node_modules/@vue/compiler-sfc Completed in 3125ms
838 http fetch GET 200 https://registry.npmjs.org/@babel/types/-/types-7.28.2.tgz 3141ms (cache miss)
839 timing reifyNode:node_modules/@babel/types Completed in 3293ms
840 http fetch GET 200 https://registry.npmjs.org/lodash/-/lodash-4.17.21.tgz 3303ms (cache miss)
841 timing reifyNode:node_modules/lodash Completed in 3463ms
842 timing reify:unpack Completed in 3472ms
843 timing reify:unretire Completed in 0ms
844 timing build:queue Completed in 9ms
845 timing build:link:node_modules/@babel/parser Completed in 7ms
846 timing build:link:node_modules/depcheck Completed in 7ms
847 timing build:link:node_modules/esprima Completed in 7ms
848 timing build:link:node_modules/js-yaml Completed in 6ms
849 timing build:link:node_modules/jsesc Completed in 6ms
850 timing build:link:node_modules/json5 Completed in 6ms
851 timing build:link:node_modules/resolve Completed in 6ms
852 timing build:link:node_modules/nanoid Completed in 6ms
853 timing build:link:node_modules/semver Completed in 6ms
854 timing build:link:node_modules/which Completed in 5ms
855 timing build:link Completed in 8ms
856 timing build:deps Completed in 18ms
857 timing build Completed in 18ms
858 timing reify:build Completed in 19ms
859 timing reify:trash Completed in 0ms
860 timing reify:save Completed in 53ms
861 timing reify Completed in 9459ms
862 timing command:exec Completed in 12641ms
863 verbose exit 255
864 timing npm Completed in 12923ms
865 verbose code 255
